{"E:\\Code\\E_LEARNING\\frontend\\App.tsx": {"path":"E:\\Code\\E_LEARNING\\frontend\\App.tsx","statementMap":{"0":{"start":{"line":12,"column":28},"end":{"line":12,"column":43}},"1":{"start":{"line":13,"column":38},"end":{"line":13,"column":53}},"2":{"start":{"line":15,"column":2},"end":{"line":36,"column":9}},"3":{"start":{"line":16,"column":4},"end":{"line":35,"column":9}},"4":{"start":{"line":17,"column":6},"end":{"line":17,"column":25}},"5":{"start":{"line":19,"column":20},"end":{"line":19,"column":55}},"6":{"start":{"line":20,"column":6},"end":{"line":24,"column":7}},"7":{"start":{"line":21,"column":8},"end":{"line":21,"column":29}},"8":{"start":{"line":22,"column":8},"end":{"line":22,"column":23}},"9":{"start":{"line":23,"column":8},"end":{"line":23,"column":15}},"10":{"start":{"line":26,"column":6},"end":{"line":34,"column":7}},"11":{"start":{"line":27,"column":8},"end":{"line":27,"column":34}},"12":{"start":{"line":28,"column":8},"end":{"line":28,"column":28}},"13":{"start":{"line":30,"column":8},"end":{"line":30,"column":47}},"14":{"start":{"line":31,"column":8},"end":{"line":31,"column":29}},"15":{"start":{"line":33,"column":8},"end":{"line":33,"column":23}},"16":{"start":{"line":38,"column":20},"end":{"line":41,"column":3}},"17":{"start":{"line":39,"column":11},"end":{"line":39,"column":53}},"18":{"start":{"line":43,"column":2},"end":{"line":49,"column":3}},"19":{"start":{"line":44,"column":4},"end":{"line":48,"column":6}},"20":{"start":{"line":51,"column":2},"end":{"line":57,"column":4}}},"fnMap":{"0":{"name":"App","decl":{"start":{"line":11,"column":24},"end":{"line":11,"column":27}},"loc":{"start":{"line":11,"column":30},"end":{"line":58,"column":1}},"line":11},"1":{"name":"(anonymous_1)","decl":{"start":{"line":15,"column":12},"end":{"line":15,"column":13}},"loc":{"start":{"line":15,"column":18},"end":{"line":36,"column":3}},"line":15},"2":{"name":"(anonymous_2)","decl":{"start":{"line":16,"column":5},"end":{"line":16,"column":6}},"loc":{"start":{"line":16,"column":17},"end":{"line":35,"column":5}},"line":16},"3":{"name":"(anonymous_3)","decl":{"start":{"line":39,"column":4},"end":{"line":39,"column":5}},"loc":{"start":{"line":39,"column":11},"end":{"line":39,"column":53}},"line":39}},"branchMap":{"0":{"loc":{"start":{"line":20,"column":6},"end":{"line":24,"column":7}},"type":"if","locations":[{"start":{"line":20,"column":6},"end":{"line":24,"column":7}},{"start":{},"end":{}}],"line":20},"1":{"loc":{"start":{"line":43,"column":2},"end":{"line":49,"column":3}},"type":"if","locations":[{"start":{"line":43,"column":2},"end":{"line":49,"column":3}},{"start":{},"end":{}}],"line":43}},"s":{"0":0,"1":0,"2":0,"3":0,"4":0,"5":0,"6":0,"7":0,"8":0,"9":0,"10":0,"11":0,"12":0,"13":0,"14":0,"15":0,"16":0,"17":0,"18":0,"19":0,"20":0},"f":{"0":0,"1":0,"2":0,"3":0},"b":{"0":[0,0],"1":[0,0]}}
,"E:\\Code\\E_LEARNING\\frontend\\index.js": {"path":"E:\\Code\\E_LEARNING\\frontend\\index.js","statementMap":{"0":{"start":{"line":8,"column":0},"end":{"line":8,"column":27}}},"fnMap":{},"branchMap":{},"s":{"0":0},"f":{},"b":{}}
,"E:\\Code\\E_LEARNING\\frontend\\api\\assignment.api.ts": {"path":"E:\\Code\\E_LEARNING\\frontend\\api\\assignment.api.ts","statementMap":{"0":{"start":{"line":3,"column":16},"end":{"line":3,"column":33}},"1":{"start":{"line":6,"column":38},"end":{"line":9,"column":1}},"2":{"start":{"line":7,"column":2},"end":{"line":7,"column":57}},"3":{"start":{"line":8,"column":2},"end":{"line":8,"column":50}},"4":{"start":{"line":12,"column":33},"end":{"line":15,"column":1}},"5":{"start":{"line":13,"column":2},"end":{"line":13,"column":44}},"6":{"start":{"line":14,"column":2},"end":{"line":14,"column":37}},"7":{"start":{"line":18,"column":32},"end":{"line":28,"column":1}},"8":{"start":{"line":26,"column":2},"end":{"line":26,"column":43}},"9":{"start":{"line":27,"column":2},"end":{"line":27,"column":33}},"10":{"start":{"line":31,"column":32},"end":{"line":44,"column":1}},"11":{"start":{"line":42,"column":2},"end":{"line":42,"column":50}},"12":{"start":{"line":43,"column":2},"end":{"line":43,"column":43}},"13":{"start":{"line":47,"column":32},"end":{"line":50,"column":1}},"14":{"start":{"line":48,"column":2},"end":{"line":48,"column":47}},"15":{"start":{"line":49,"column":2},"end":{"line":49,"column":40}}},"fnMap":{"0":{"name":"(anonymous_0)","decl":{"start":{"line":6,"column":38},"end":{"line":6,"column":39}},"loc":{"start":{"line":6,"column":60},"end":{"line":9,"column":1}},"line":6},"1":{"name":"(anonymous_1)","decl":{"start":{"line":12,"column":33},"end":{"line":12,"column":34}},"loc":{"start":{"line":12,"column":49},"end":{"line":15,"column":1}},"line":12},"2":{"name":"(anonymous_2)","decl":{"start":{"line":18,"column":32},"end":{"line":18,"column":33}},"loc":{"start":{"line":25,"column":6},"end":{"line":28,"column":1}},"line":25},"3":{"name":"(anonymous_3)","decl":{"start":{"line":31,"column":32},"end":{"line":31,"column":33}},"loc":{"start":{"line":41,"column":5},"end":{"line":44,"column":1}},"line":41},"4":{"name":"(anonymous_4)","decl":{"start":{"line":47,"column":32},"end":{"line":47,"column":33}},"loc":{"start":{"line":47,"column":48},"end":{"line":50,"column":1}},"line":47}},"branchMap":{},"s":{"0":0,"1":0,"2":0,"3":0,"4":0,"5":0,"6":0,"7":0,"8":0,"9":0,"10":0,"11":0,"12":0,"13":0,"14":0,"15":0},"f":{"0":0,"1":0,"2":0,"3":0,"4":0},"b":{}}
,"E:\\Code\\E_LEARNING\\frontend\\api\\auth.api.ts": {"path":"E:\\Code\\E_LEARNING\\frontend\\api\\auth.api.ts","statementMap":{"0":{"start":{"line":3,"column":16},"end":{"line":3,"column":27}},"1":{"start":{"line":5,"column":27},"end":{"line":6,"column":60}},"2":{"start":{"line":6,"column":2},"end":{"line":6,"column":60}},"3":{"start":{"line":8,"column":26},"end":{"line":9,"column":60}},"4":{"start":{"line":9,"column":2},"end":{"line":9,"column":60}},"5":{"start":{"line":11,"column":28},"end":{"line":12,"column":67}},"6":{"start":{"line":12,"column":2},"end":{"line":12,"column":67}},"7":{"start":{"line":14,"column":24},"end":{"line":15,"column":51}},"8":{"start":{"line":15,"column":2},"end":{"line":15,"column":51}},"9":{"start":{"line":17,"column":24},"end":{"line":17,"column":54}},"10":{"start":{"line":17,"column":30},"end":{"line":17,"column":54}},"11":{"start":{"line":18,"column":25},"end":{"line":18,"column":60}},"12":{"start":{"line":18,"column":31},"end":{"line":18,"column":60}}},"fnMap":{"0":{"name":"(anonymous_0)","decl":{"start":{"line":5,"column":27},"end":{"line":5,"column":28}},"loc":{"start":{"line":6,"column":2},"end":{"line":6,"column":60}},"line":6},"1":{"name":"(anonymous_1)","decl":{"start":{"line":8,"column":26},"end":{"line":8,"column":27}},"loc":{"start":{"line":9,"column":2},"end":{"line":9,"column":60}},"line":9},"2":{"name":"(anonymous_2)","decl":{"start":{"line":11,"column":28},"end":{"line":11,"column":29}},"loc":{"start":{"line":12,"column":2},"end":{"line":12,"column":67}},"line":12},"3":{"name":"(anonymous_3)","decl":{"start":{"line":14,"column":24},"end":{"line":14,"column":25}},"loc":{"start":{"line":15,"column":2},"end":{"line":15,"column":51}},"line":15},"4":{"name":"(anonymous_4)","decl":{"start":{"line":17,"column":24},"end":{"line":17,"column":25}},"loc":{"start":{"line":17,"column":30},"end":{"line":17,"column":54}},"line":17},"5":{"name":"(anonymous_5)","decl":{"start":{"line":18,"column":25},"end":{"line":18,"column":26}},"loc":{"start":{"line":18,"column":31},"end":{"line":18,"column":60}},"line":18}},"branchMap":{},"s":{"0":0,"1":0,"2":0,"3":0,"4":0,"5":0,"6":0,"7":0,"8":0,"9":0,"10":0,"11":0,"12":0},"f":{"0":0,"1":0,"2":0,"3":0,"4":0,"5":0},"b":{}}
,"E:\\Code\\E_LEARNING\\frontend\\api\\axiosInstance.ts": {"path":"E:\\Code\\E_LEARNING\\frontend\\api\\axiosInstance.ts","statementMap":{"0":{"start":{"line":7,"column":12},"end":{"line":7,"column":26}},"1":{"start":{"line":10,"column":26},"end":{"line":26,"column":1}},"2":{"start":{"line":11,"column":18},"end":{"line":11,"column":36}},"3":{"start":{"line":16,"column":2},"end":{"line":16,"column":49}},"4":{"start":{"line":17,"column":2},"end":{"line":17,"column":33}},"5":{"start":{"line":19,"column":2},"end":{"line":25,"column":5}},"6":{"start":{"line":20,"column":18},"end":{"line":20,"column":53}},"7":{"start":{"line":21,"column":4},"end":{"line":23,"column":5}},"8":{"start":{"line":22,"column":6},"end":{"line":22,"column":55}},"9":{"start":{"line":24,"column":4},"end":{"line":24,"column":18}}},"fnMap":{"0":{"name":"(anonymous_0)","decl":{"start":{"line":10,"column":26},"end":{"line":10,"column":27}},"loc":{"start":{"line":10,"column":38},"end":{"line":26,"column":1}},"line":10},"1":{"name":"(anonymous_1)","decl":{"start":{"line":19,"column":31},"end":{"line":19,"column":32}},"loc":{"start":{"line":19,"column":49},"end":{"line":25,"column":3}},"line":19}},"branchMap":{"0":{"loc":{"start":{"line":21,"column":4},"end":{"line":23,"column":5}},"type":"if","locations":[{"start":{"line":21,"column":4},"end":{"line":23,"column":5}},{"start":{},"end":{}}],"line":21}},"s":{"0":0,"1":0,"2":0,"3":0,"4":0,"5":0,"6":0,"7":0,"8":0,"9":0},"f":{"0":0,"1":0},"b":{"0":[0,0]}}
,"E:\\Code\\E_LEARNING\\frontend\\api\\classmember.api.ts": {"path":"E:\\Code\\E_LEARNING\\frontend\\api\\classmember.api.ts","statementMap":{"0":{"start":{"line":3,"column":16},"end":{"line":3,"column":34}},"1":{"start":{"line":4,"column":19},"end":{"line":4,"column":52}},"2":{"start":{"line":6,"column":30},"end":{"line":69,"column":1}},"3":{"start":{"line":9,"column":4},"end":{"line":9,"column":38}},"4":{"start":{"line":10,"column":4},"end":{"line":10,"column":28}},"5":{"start":{"line":15,"column":4},"end":{"line":15,"column":67}},"6":{"start":{"line":16,"column":4},"end":{"line":16,"column":57}},"7":{"start":{"line":21,"column":4},"end":{"line":21,"column":54}},"8":{"start":{"line":22,"column":4},"end":{"line":22,"column":44}},"9":{"start":{"line":27,"column":4},"end":{"line":27,"column":66}},"10":{"start":{"line":28,"column":4},"end":{"line":28,"column":56}},"11":{"start":{"line":33,"column":4},"end":{"line":33,"column":49}},"12":{"start":{"line":34,"column":4},"end":{"line":34,"column":39}},"13":{"start":{"line":39,"column":4},"end":{"line":39,"column":48}},"14":{"start":{"line":40,"column":4},"end":{"line":40,"column":38}},"15":{"start":{"line":45,"column":4},"end":{"line":45,"column":53}},"16":{"start":{"line":46,"column":4},"end":{"line":46,"column":43}},"17":{"start":{"line":51,"column":4},"end":{"line":51,"column":41}},"18":{"start":{"line":52,"column":4},"end":{"line":52,"column":31}},"19":{"start":{"line":57,"column":4},"end":{"line":57,"column":48}},"20":{"start":{"line":58,"column":4},"end":{"line":58,"column":38}},"21":{"start":{"line":62,"column":4},"end":{"line":62,"column":72}},"22":{"start":{"line":63,"column":4},"end":{"line":63,"column":62}},"23":{"start":{"line":66,"column":4},"end":{"line":66,"column":74}},"24":{"start":{"line":67,"column":4},"end":{"line":67,"column":64}}},"fnMap":{"0":{"name":"(anonymous_0)","decl":{"start":{"line":8,"column":21},"end":{"line":8,"column":22}},"loc":{"start":{"line":8,"column":27},"end":{"line":11,"column":3}},"line":8},"1":{"name":"(anonymous_1)","decl":{"start":{"line":14,"column":15},"end":{"line":14,"column":16}},"loc":{"start":{"line":14,"column":35},"end":{"line":17,"column":3}},"line":14},"2":{"name":"(anonymous_2)","decl":{"start":{"line":20,"column":13},"end":{"line":20,"column":14}},"loc":{"start":{"line":20,"column":36},"end":{"line":23,"column":3}},"line":20},"3":{"name":"(anonymous_3)","decl":{"start":{"line":26,"column":16},"end":{"line":26,"column":17}},"loc":{"start":{"line":26,"column":39},"end":{"line":29,"column":3}},"line":26},"4":{"name":"(anonymous_4)","decl":{"start":{"line":32,"column":23},"end":{"line":32,"column":24}},"loc":{"start":{"line":32,"column":29},"end":{"line":35,"column":3}},"line":32},"5":{"name":"(anonymous_5)","decl":{"start":{"line":38,"column":14},"end":{"line":38,"column":15}},"loc":{"start":{"line":38,"column":20},"end":{"line":41,"column":3}},"line":38},"6":{"name":"(anonymous_6)","decl":{"start":{"line":44,"column":22},"end":{"line":44,"column":23}},"loc":{"start":{"line":44,"column":28},"end":{"line":47,"column":3}},"line":44},"7":{"name":"(anonymous_7)","decl":{"start":{"line":50,"column":23},"end":{"line":50,"column":24}},"loc":{"start":{"line":50,"column":29},"end":{"line":53,"column":3}},"line":50},"8":{"name":"(anonymous_8)","decl":{"start":{"line":56,"column":15},"end":{"line":56,"column":16}},"loc":{"start":{"line":56,"column":21},"end":{"line":59,"column":3}},"line":56},"9":{"name":"(anonymous_9)","decl":{"start":{"line":61,"column":23},"end":{"line":61,"column":24}},"loc":{"start":{"line":61,"column":45},"end":{"line":64,"column":3}},"line":61},"10":{"name":"(anonymous_10)","decl":{"start":{"line":65,"column":21},"end":{"line":65,"column":22}},"loc":{"start":{"line":65,"column":41},"end":{"line":68,"column":3}},"line":65}},"branchMap":{},"s":{"0":0,"1":0,"2":0,"3":0,"4":0,"5":0,"6":0,"7":0,"8":0,"9":0,"10":0,"11":0,"12":0,"13":0,"14":0,"15":0,"16":0,"17":0,"18":0,"19":0,"20":0,"21":0,"22":0,"23":0,"24":0},"f":{"0":0,"1":0,"2":0,"3":0,"4":0,"5":0,"6":0,"7":0,"8":0,"9":0,"10":0},"b":{}}
,"E:\\Code\\E_LEARNING\\frontend\\api\\course.api.ts": {"path":"E:\\Code\\E_LEARNING\\frontend\\api\\course.api.ts","statementMap":{"0":{"start":{"line":4,"column":16},"end":{"line":4,"column":29}},"1":{"start":{"line":8,"column":37},"end":{"line":10,"column":1}},"2":{"start":{"line":9,"column":2},"end":{"line":9,"column":47}},"3":{"start":{"line":13,"column":37},"end":{"line":15,"column":1}},"4":{"start":{"line":14,"column":2},"end":{"line":14,"column":43}},"5":{"start":{"line":18,"column":31},"end":{"line":20,"column":1}},"6":{"start":{"line":19,"column":2},"end":{"line":19,"column":33}},"7":{"start":{"line":23,"column":31},"end":{"line":25,"column":1}},"8":{"start":{"line":24,"column":2},"end":{"line":24,"column":43}},"9":{"start":{"line":28,"column":31},"end":{"line":30,"column":1}},"10":{"start":{"line":29,"column":2},"end":{"line":29,"column":40}},"11":{"start":{"line":34,"column":39},"end":{"line":36,"column":1}},"12":{"start":{"line":35,"column":2},"end":{"line":35,"column":43}},"13":{"start":{"line":39,"column":39},"end":{"line":41,"column":1}},"14":{"start":{"line":40,"column":2},"end":{"line":40,"column":45}},"15":{"start":{"line":44,"column":39},"end":{"line":46,"column":1}},"16":{"start":{"line":45,"column":2},"end":{"line":45,"column":53}},"17":{"start":{"line":50,"column":39},"end":{"line":52,"column":1}},"18":{"start":{"line":51,"column":2},"end":{"line":51,"column":50}},"19":{"start":{"line":55,"column":39},"end":{"line":57,"column":1}},"20":{"start":{"line":56,"column":2},"end":{"line":56,"column":52}}},"fnMap":{"0":{"name":"(anonymous_0)","decl":{"start":{"line":8,"column":37},"end":{"line":8,"column":38}},"loc":{"start":{"line":8,"column":48},"end":{"line":10,"column":1}},"line":8},"1":{"name":"(anonymous_1)","decl":{"start":{"line":13,"column":37},"end":{"line":13,"column":38}},"loc":{"start":{"line":13,"column":53},"end":{"line":15,"column":1}},"line":13},"2":{"name":"(anonymous_2)","decl":{"start":{"line":18,"column":31},"end":{"line":18,"column":32}},"loc":{"start":{"line":18,"column":46},"end":{"line":20,"column":1}},"line":18},"3":{"name":"(anonymous_3)","decl":{"start":{"line":23,"column":31},"end":{"line":23,"column":32}},"loc":{"start":{"line":23,"column":58},"end":{"line":25,"column":1}},"line":23},"4":{"name":"(anonymous_4)","decl":{"start":{"line":28,"column":31},"end":{"line":28,"column":32}},"loc":{"start":{"line":28,"column":47},"end":{"line":30,"column":1}},"line":28},"5":{"name":"(anonymous_5)","decl":{"start":{"line":34,"column":39},"end":{"line":34,"column":40}},"loc":{"start":{"line":34,"column":45},"end":{"line":36,"column":1}},"line":34},"6":{"name":"(anonymous_6)","decl":{"start":{"line":39,"column":39},"end":{"line":39,"column":40}},"loc":{"start":{"line":39,"column":55},"end":{"line":41,"column":1}},"line":39},"7":{"name":"(anonymous_7)","decl":{"start":{"line":44,"column":39},"end":{"line":44,"column":40}},"loc":{"start":{"line":44,"column":50},"end":{"line":46,"column":1}},"line":44},"8":{"name":"(anonymous_8)","decl":{"start":{"line":50,"column":39},"end":{"line":50,"column":40}},"loc":{"start":{"line":50,"column":45},"end":{"line":52,"column":1}},"line":50},"9":{"name":"(anonymous_9)","decl":{"start":{"line":55,"column":39},"end":{"line":55,"column":40}},"loc":{"start":{"line":55,"column":55},"end":{"line":57,"column":1}},"line":55}},"branchMap":{},"s":{"0":0,"1":0,"2":0,"3":0,"4":0,"5":0,"6":0,"7":0,"8":0,"9":0,"10":0,"11":0,"12":0,"13":0,"14":0,"15":0,"16":0,"17":0,"18":0,"19":0,"20":0},"f":{"0":0,"1":0,"2":0,"3":0,"4":0,"5":0,"6":0,"7":0,"8":0,"9":0},"b":{}}
,"E:\\Code\\E_LEARNING\\frontend\\api\\courseschedule.api.ts": {"path":"E:\\Code\\E_LEARNING\\frontend\\api\\courseschedule.api.ts","statementMap":{"0":{"start":{"line":3,"column":16},"end":{"line":3,"column":38}},"1":{"start":{"line":7,"column":45},"end":{"line":9,"column":1}},"2":{"start":{"line":8,"column":2},"end":{"line":8,"column":31}},"3":{"start":{"line":12,"column":45},"end":{"line":14,"column":1}},"4":{"start":{"line":13,"column":2},"end":{"line":13,"column":37}},"5":{"start":{"line":17,"column":39},"end":{"line":19,"column":1}},"6":{"start":{"line":18,"column":2},"end":{"line":18,"column":43}},"7":{"start":{"line":22,"column":39},"end":{"line":24,"column":1}},"8":{"start":{"line":23,"column":2},"end":{"line":23,"column":40}},"9":{"start":{"line":28,"column":46},"end":{"line":30,"column":1}},"10":{"start":{"line":29,"column":2},"end":{"line":29,"column":52}},"11":{"start":{"line":34,"column":40},"end":{"line":39,"column":1}},"12":{"start":{"line":35,"column":2},"end":{"line":37,"column":3}},"13":{"start":{"line":36,"column":4},"end":{"line":36,"column":89}},"14":{"start":{"line":38,"column":2},"end":{"line":38,"column":65}},"15":{"start":{"line":42,"column":55},"end":{"line":44,"column":1}},"16":{"start":{"line":43,"column":2},"end":{"line":43,"column":71}}},"fnMap":{"0":{"name":"(anonymous_0)","decl":{"start":{"line":7,"column":45},"end":{"line":7,"column":46}},"loc":{"start":{"line":7,"column":51},"end":{"line":9,"column":1}},"line":7},"1":{"name":"(anonymous_1)","decl":{"start":{"line":12,"column":45},"end":{"line":12,"column":46}},"loc":{"start":{"line":12,"column":61},"end":{"line":14,"column":1}},"line":12},"2":{"name":"(anonymous_2)","decl":{"start":{"line":17,"column":39},"end":{"line":17,"column":40}},"loc":{"start":{"line":17,"column":66},"end":{"line":19,"column":1}},"line":17},"3":{"name":"(anonymous_3)","decl":{"start":{"line":22,"column":39},"end":{"line":22,"column":40}},"loc":{"start":{"line":22,"column":55},"end":{"line":24,"column":1}},"line":22},"4":{"name":"(anonymous_4)","decl":{"start":{"line":28,"column":46},"end":{"line":28,"column":47}},"loc":{"start":{"line":28,"column":52},"end":{"line":30,"column":1}},"line":28},"5":{"name":"(anonymous_5)","decl":{"start":{"line":34,"column":40},"end":{"line":34,"column":41}},"loc":{"start":{"line":34,"column":63},"end":{"line":39,"column":1}},"line":34},"6":{"name":"(anonymous_6)","decl":{"start":{"line":42,"column":55},"end":{"line":42,"column":56}},"loc":{"start":{"line":42,"column":96},"end":{"line":44,"column":1}},"line":42}},"branchMap":{"0":{"loc":{"start":{"line":35,"column":2},"end":{"line":37,"column":3}},"type":"if","locations":[{"start":{"line":35,"column":2},"end":{"line":37,"column":3}},{"start":{},"end":{}}],"line":35}},"s":{"0":0,"1":0,"2":0,"3":0,"4":0,"5":0,"6":0,"7":0,"8":0,"9":0,"10":0,"11":0,"12":0,"13":0,"14":0,"15":0,"16":0},"f":{"0":0,"1":0,"2":0,"3":0,"4":0,"5":0,"6":0},"b":{"0":[0,0]}}
,"E:\\Code\\E_LEARNING\\frontend\\api\\lesson.api.ts": {"path":"E:\\Code\\E_LEARNING\\frontend\\api\\lesson.api.ts","statementMap":{"0":{"start":{"line":4,"column":17},"end":{"line":4,"column":30}},"1":{"start":{"line":7,"column":29},"end":{"line":8,"column":46}},"2":{"start":{"line":8,"column":2},"end":{"line":8,"column":46}},"3":{"start":{"line":11,"column":35},"end":{"line":12,"column":32}},"4":{"start":{"line":12,"column":2},"end":{"line":12,"column":32}},"5":{"start":{"line":15,"column":29},"end":{"line":16,"column":36}},"6":{"start":{"line":16,"column":2},"end":{"line":16,"column":36}},"7":{"start":{"line":19,"column":28},"end":{"line":22,"column":4}},"8":{"start":{"line":20,"column":2},"end":{"line":22,"column":4}},"9":{"start":{"line":25,"column":28},"end":{"line":28,"column":4}},"10":{"start":{"line":26,"column":2},"end":{"line":28,"column":4}},"11":{"start":{"line":31,"column":28},"end":{"line":32,"column":39}},"12":{"start":{"line":32,"column":2},"end":{"line":32,"column":39}}},"fnMap":{"0":{"name":"(anonymous_0)","decl":{"start":{"line":7,"column":29},"end":{"line":7,"column":30}},"loc":{"start":{"line":8,"column":2},"end":{"line":8,"column":46}},"line":8},"1":{"name":"(anonymous_1)","decl":{"start":{"line":11,"column":35},"end":{"line":11,"column":36}},"loc":{"start":{"line":12,"column":2},"end":{"line":12,"column":32}},"line":12},"2":{"name":"(anonymous_2)","decl":{"start":{"line":15,"column":29},"end":{"line":15,"column":30}},"loc":{"start":{"line":16,"column":2},"end":{"line":16,"column":36}},"line":16},"3":{"name":"(anonymous_3)","decl":{"start":{"line":19,"column":28},"end":{"line":19,"column":29}},"loc":{"start":{"line":20,"column":2},"end":{"line":22,"column":4}},"line":20},"4":{"name":"(anonymous_4)","decl":{"start":{"line":25,"column":28},"end":{"line":25,"column":29}},"loc":{"start":{"line":26,"column":2},"end":{"line":28,"column":4}},"line":26},"5":{"name":"(anonymous_5)","decl":{"start":{"line":31,"column":28},"end":{"line":31,"column":29}},"loc":{"start":{"line":32,"column":2},"end":{"line":32,"column":39}},"line":32}},"branchMap":{},"s":{"0":0,"1":0,"2":0,"3":0,"4":0,"5":0,"6":0,"7":0,"8":0,"9":0,"10":0,"11":0,"12":0},"f":{"0":0,"1":0,"2":0,"3":0,"4":0,"5":0},"b":{}}
,"E:\\Code\\E_LEARNING\\frontend\\api\\registercourse.api.ts": {"path":"E:\\Code\\E_LEARNING\\frontend\\api\\registercourse.api.ts","statementMap":{"0":{"start":{"line":3,"column":16},"end":{"line":3,"column":37}},"1":{"start":{"line":5,"column":33},"end":{"line":47,"column":1}},"2":{"start":{"line":13,"column":4},"end":{"line":13,"column":45}},"3":{"start":{"line":14,"column":4},"end":{"line":14,"column":35}},"4":{"start":{"line":19,"column":4},"end":{"line":19,"column":38}},"5":{"start":{"line":20,"column":4},"end":{"line":20,"column":28}},"6":{"start":{"line":30,"column":4},"end":{"line":30,"column":61}},"7":{"start":{"line":31,"column":4},"end":{"line":31,"column":61}},"8":{"start":{"line":32,"column":4},"end":{"line":32,"column":51}},"9":{"start":{"line":37,"column":4},"end":{"line":37,"column":46}},"10":{"start":{"line":38,"column":4},"end":{"line":38,"column":36}},"11":{"start":{"line":43,"column":4},"end":{"line":43,"column":49}},"12":{"start":{"line":44,"column":4},"end":{"line":44,"column":39}}},"fnMap":{"0":{"name":"(anonymous_0)","decl":{"start":{"line":7,"column":16},"end":{"line":7,"column":17}},"loc":{"start":{"line":12,"column":8},"end":{"line":15,"column":3}},"line":12},"1":{"name":"(anonymous_1)","decl":{"start":{"line":18,"column":10},"end":{"line":18,"column":11}},"loc":{"start":{"line":18,"column":16},"end":{"line":21,"column":3}},"line":18},"2":{"name":"(anonymous_2)","decl":{"start":{"line":24,"column":22},"end":{"line":24,"column":23}},"loc":{"start":{"line":29,"column":8},"end":{"line":33,"column":3}},"line":29},"3":{"name":"(anonymous_3)","decl":{"start":{"line":36,"column":23},"end":{"line":36,"column":24}},"loc":{"start":{"line":36,"column":29},"end":{"line":39,"column":3}},"line":36},"4":{"name":"(anonymous_4)","decl":{"start":{"line":42,"column":11},"end":{"line":42,"column":12}},"loc":{"start":{"line":42,"column":27},"end":{"line":45,"column":3}},"line":42}},"branchMap":{},"s":{"0":0,"1":0,"2":0,"3":0,"4":0,"5":0,"6":0,"7":0,"8":0,"9":0,"10":0,"11":0,"12":0},"f":{"0":0,"1":0,"2":0,"3":0,"4":0},"b":{}}
,"E:\\Code\\E_LEARNING\\frontend\\api\\subject.api.ts": {"path":"E:\\Code\\E_LEARNING\\frontend\\api\\subject.api.ts","statementMap":{"0":{"start":{"line":4,"column":16},"end":{"line":4,"column":31}},"1":{"start":{"line":7,"column":32},"end":{"line":9,"column":1}},"2":{"start":{"line":8,"column":2},"end":{"line":8,"column":33}},"3":{"start":{"line":12,"column":33},"end":{"line":14,"column":1}},"4":{"start":{"line":13,"column":2},"end":{"line":13,"column":26}},"5":{"start":{"line":17,"column":33},"end":{"line":19,"column":1}},"6":{"start":{"line":18,"column":2},"end":{"line":18,"column":37}},"7":{"start":{"line":22,"column":32},"end":{"line":24,"column":1}},"8":{"start":{"line":23,"column":2},"end":{"line":23,"column":43}},"9":{"start":{"line":27,"column":32},"end":{"line":29,"column":1}},"10":{"start":{"line":28,"column":2},"end":{"line":28,"column":40}}},"fnMap":{"0":{"name":"(anonymous_0)","decl":{"start":{"line":7,"column":32},"end":{"line":7,"column":33}},"loc":{"start":{"line":7,"column":47},"end":{"line":9,"column":1}},"line":7},"1":{"name":"(anonymous_1)","decl":{"start":{"line":12,"column":33},"end":{"line":12,"column":34}},"loc":{"start":{"line":12,"column":39},"end":{"line":14,"column":1}},"line":12},"2":{"name":"(anonymous_2)","decl":{"start":{"line":17,"column":33},"end":{"line":17,"column":34}},"loc":{"start":{"line":17,"column":49},"end":{"line":19,"column":1}},"line":17},"3":{"name":"(anonymous_3)","decl":{"start":{"line":22,"column":32},"end":{"line":22,"column":33}},"loc":{"start":{"line":22,"column":59},"end":{"line":24,"column":1}},"line":22},"4":{"name":"(anonymous_4)","decl":{"start":{"line":27,"column":32},"end":{"line":27,"column":33}},"loc":{"start":{"line":27,"column":48},"end":{"line":29,"column":1}},"line":27}},"branchMap":{},"s":{"0":0,"1":0,"2":0,"3":0,"4":0,"5":0,"6":0,"7":0,"8":0,"9":0,"10":0},"f":{"0":0,"1":0,"2":0,"3":0,"4":0},"b":{}}
,"E:\\Code\\E_LEARNING\\frontend\\api\\submission.api.ts": {"path":"E:\\Code\\E_LEARNING\\frontend\\api\\submission.api.ts","statementMap":{"0":{"start":{"line":4,"column":16},"end":{"line":4,"column":33}},"1":{"start":{"line":7,"column":42},"end":{"line":10,"column":1}},"2":{"start":{"line":8,"column":2},"end":{"line":8,"column":65}},"3":{"start":{"line":9,"column":2},"end":{"line":9,"column":58}},"4":{"start":{"line":13,"column":33},"end":{"line":16,"column":1}},"5":{"start":{"line":14,"column":2},"end":{"line":14,"column":44}},"6":{"start":{"line":15,"column":2},"end":{"line":15,"column":37}},"7":{"start":{"line":19,"column":32},"end":{"line":26,"column":1}},"8":{"start":{"line":24,"column":2},"end":{"line":24,"column":43}},"9":{"start":{"line":25,"column":2},"end":{"line":25,"column":33}},"10":{"start":{"line":29,"column":32},"end":{"line":38,"column":1}},"11":{"start":{"line":36,"column":2},"end":{"line":36,"column":50}},"12":{"start":{"line":37,"column":2},"end":{"line":37,"column":43}},"13":{"start":{"line":41,"column":32},"end":{"line":44,"column":1}},"14":{"start":{"line":42,"column":2},"end":{"line":42,"column":47}},"15":{"start":{"line":43,"column":2},"end":{"line":43,"column":40}},"16":{"start":{"line":47,"column":31},"end":{"line":56,"column":1}},"17":{"start":{"line":54,"column":2},"end":{"line":54,"column":56}},"18":{"start":{"line":55,"column":2},"end":{"line":55,"column":49}},"19":{"start":{"line":59,"column":36},"end":{"line":62,"column":1}},"20":{"start":{"line":60,"column":2},"end":{"line":60,"column":41}},"21":{"start":{"line":61,"column":2},"end":{"line":61,"column":34}}},"fnMap":{"0":{"name":"(anonymous_0)","decl":{"start":{"line":7,"column":42},"end":{"line":7,"column":43}},"loc":{"start":{"line":7,"column":68},"end":{"line":10,"column":1}},"line":7},"1":{"name":"(anonymous_1)","decl":{"start":{"line":13,"column":33},"end":{"line":13,"column":34}},"loc":{"start":{"line":13,"column":49},"end":{"line":16,"column":1}},"line":13},"2":{"name":"(anonymous_2)","decl":{"start":{"line":19,"column":32},"end":{"line":19,"column":33}},"loc":{"start":{"line":23,"column":6},"end":{"line":26,"column":1}},"line":23},"3":{"name":"(anonymous_3)","decl":{"start":{"line":29,"column":32},"end":{"line":29,"column":33}},"loc":{"start":{"line":35,"column":5},"end":{"line":38,"column":1}},"line":35},"4":{"name":"(anonymous_4)","decl":{"start":{"line":41,"column":32},"end":{"line":41,"column":33}},"loc":{"start":{"line":41,"column":48},"end":{"line":44,"column":1}},"line":41},"5":{"name":"(anonymous_5)","decl":{"start":{"line":47,"column":31},"end":{"line":47,"column":32}},"loc":{"start":{"line":53,"column":5},"end":{"line":56,"column":1}},"line":53},"6":{"name":"(anonymous_6)","decl":{"start":{"line":59,"column":36},"end":{"line":59,"column":37}},"loc":{"start":{"line":59,"column":42},"end":{"line":62,"column":1}},"line":59}},"branchMap":{},"s":{"0":0,"1":0,"2":0,"3":0,"4":0,"5":0,"6":0,"7":0,"8":0,"9":0,"10":0,"11":0,"12":0,"13":0,"14":0,"15":0,"16":0,"17":0,"18":0,"19":0,"20":0,"21":0},"f":{"0":0,"1":0,"2":0,"3":0,"4":0,"5":0,"6":0},"b":{}}
,"E:\\Code\\E_LEARNING\\frontend\\api\\user.api.ts": {"path":"E:\\Code\\E_LEARNING\\frontend\\api\\user.api.ts","statementMap":{"0":{"start":{"line":3,"column":16},"end":{"line":3,"column":28}},"1":{"start":{"line":6,"column":30},"end":{"line":8,"column":1}},"2":{"start":{"line":7,"column":2},"end":{"line":7,"column":26}},"3":{"start":{"line":11,"column":30},"end":{"line":13,"column":1}},"4":{"start":{"line":12,"column":2},"end":{"line":12,"column":37}},"5":{"start":{"line":16,"column":29},"end":{"line":18,"column":1}},"6":{"start":{"line":17,"column":2},"end":{"line":17,"column":33}},"7":{"start":{"line":21,"column":29},"end":{"line":23,"column":1}},"8":{"start":{"line":22,"column":2},"end":{"line":22,"column":43}},"9":{"start":{"line":26,"column":29},"end":{"line":28,"column":1}},"10":{"start":{"line":27,"column":2},"end":{"line":27,"column":40}},"11":{"start":{"line":31,"column":33},"end":{"line":33,"column":1}},"12":{"start":{"line":32,"column":2},"end":{"line":32,"column":40}},"13":{"start":{"line":36,"column":34},"end":{"line":39,"column":1}},"14":{"start":{"line":37,"column":2},"end":{"line":37,"column":56}},"15":{"start":{"line":38,"column":2},"end":{"line":38,"column":46}}},"fnMap":{"0":{"name":"(anonymous_0)","decl":{"start":{"line":6,"column":30},"end":{"line":6,"column":31}},"loc":{"start":{"line":6,"column":36},"end":{"line":8,"column":1}},"line":6},"1":{"name":"(anonymous_1)","decl":{"start":{"line":11,"column":30},"end":{"line":11,"column":31}},"loc":{"start":{"line":11,"column":46},"end":{"line":13,"column":1}},"line":11},"2":{"name":"(anonymous_2)","decl":{"start":{"line":16,"column":29},"end":{"line":16,"column":30}},"loc":{"start":{"line":16,"column":44},"end":{"line":18,"column":1}},"line":16},"3":{"name":"(anonymous_3)","decl":{"start":{"line":21,"column":29},"end":{"line":21,"column":30}},"loc":{"start":{"line":21,"column":56},"end":{"line":23,"column":1}},"line":21},"4":{"name":"(anonymous_4)","decl":{"start":{"line":26,"column":29},"end":{"line":26,"column":30}},"loc":{"start":{"line":26,"column":45},"end":{"line":28,"column":1}},"line":26},"5":{"name":"(anonymous_5)","decl":{"start":{"line":31,"column":33},"end":{"line":31,"column":34}},"loc":{"start":{"line":31,"column":39},"end":{"line":33,"column":1}},"line":31},"6":{"name":"(anonymous_6)","decl":{"start":{"line":36,"column":34},"end":{"line":36,"column":35}},"loc":{"start":{"line":36,"column":54},"end":{"line":39,"column":1}},"line":36}},"branchMap":{},"s":{"0":0,"1":0,"2":0,"3":0,"4":0,"5":0,"6":0,"7":0,"8":0,"9":0,"10":0,"11":0,"12":0,"13":0,"14":0,"15":0},"f":{"0":0,"1":0,"2":0,"3":0,"4":0,"5":0,"6":0},"b":{}}
,"E:\\Code\\E_LEARNING\\frontend\\constants\\buttonStyles.ts": {"path":"E:\\Code\\E_LEARNING\\frontend\\constants\\buttonStyles.ts","statementMap":{"0":{"start":{"line":5,"column":28},"end":{"line":116,"column":2}}},"fnMap":{},"branchMap":{},"s":{"0":0},"f":{},"b":{}}
,"E:\\Code\\E_LEARNING\\frontend\\constants\\cardStyles.ts": {"path":"E:\\Code\\E_LEARNING\\frontend\\constants\\cardStyles.ts","statementMap":{"0":{"start":{"line":5,"column":26},"end":{"line":22,"column":2}}},"fnMap":{},"branchMap":{},"s":{"0":0},"f":{},"b":{}}
,"E:\\Code\\E_LEARNING\\frontend\\constants\\colors.ts": {"path":"E:\\Code\\E_LEARNING\\frontend\\constants\\colors.ts","statementMap":{"0":{"start":{"line":2,"column":22},"end":{"line":15,"column":1}}},"fnMap":{},"branchMap":{},"s":{"0":0},"f":{},"b":{}}
,"E:\\Code\\E_LEARNING\\frontend\\constants\\imageStyles.ts": {"path":"E:\\Code\\E_LEARNING\\frontend\\constants\\imageStyles.ts","statementMap":{"0":{"start":{"line":4,"column":27},"end":{"line":12,"column":2}}},"fnMap":{},"branchMap":{},"s":{"0":0},"f":{},"b":{}}
,"E:\\Code\\E_LEARNING\\frontend\\constants\\inputStyles.ts": {"path":"E:\\Code\\E_LEARNING\\frontend\\constants\\inputStyles.ts","statementMap":{"0":{"start":{"line":5,"column":27},"end":{"line":36,"column":2}}},"fnMap":{},"branchMap":{},"s":{"0":0},"f":{},"b":{}}
,"E:\\Code\\E_LEARNING\\frontend\\constants\\layoutStyles.ts": {"path":"E:\\Code\\E_LEARNING\\frontend\\constants\\layoutStyles.ts","statementMap":{"0":{"start":{"line":5,"column":28},"end":{"line":47,"column":2}}},"fnMap":{},"branchMap":{},"s":{"0":0},"f":{},"b":{}}
,"E:\\Code\\E_LEARNING\\frontend\\constants\\listStyles.ts": {"path":"E:\\Code\\E_LEARNING\\frontend\\constants\\listStyles.ts","statementMap":{"0":{"start":{"line":4,"column":26},"end":{"line":20,"column":2}}},"fnMap":{},"branchMap":{},"s":{"0":0},"f":{},"b":{}}
,"E:\\Code\\E_LEARNING\\frontend\\constants\\modalStyles.ts": {"path":"E:\\Code\\E_LEARNING\\frontend\\constants\\modalStyles.ts","statementMap":{"0":{"start":{"line":5,"column":27},"end":{"line":19,"column":2}}},"fnMap":{},"branchMap":{},"s":{"0":0},"f":{},"b":{}}
,"E:\\Code\\E_LEARNING\\frontend\\constants\\pickerStyles.ts": {"path":"E:\\Code\\E_LEARNING\\frontend\\constants\\pickerStyles.ts","statementMap":{"0":{"start":{"line":3,"column":28},"end":{"line":10,"column":2}}},"fnMap":{},"branchMap":{},"s":{"0":0},"f":{},"b":{}}
,"E:\\Code\\E_LEARNING\\frontend\\constants\\scheduleStyles.ts": {"path":"E:\\Code\\E_LEARNING\\frontend\\constants\\scheduleStyles.ts","statementMap":{"0":{"start":{"line":3,"column":30},"end":{"line":12,"column":2}}},"fnMap":{},"branchMap":{},"s":{"0":0},"f":{},"b":{}}
,"E:\\Code\\E_LEARNING\\frontend\\constants\\searchStyles.ts": {"path":"E:\\Code\\E_LEARNING\\frontend\\constants\\searchStyles.ts","statementMap":{"0":{"start":{"line":4,"column":28},"end":{"line":26,"column":2}}},"fnMap":{},"branchMap":{},"s":{"0":0},"f":{},"b":{}}
,"E:\\Code\\E_LEARNING\\frontend\\constants\\textStyles.ts": {"path":"E:\\Code\\E_LEARNING\\frontend\\constants\\textStyles.ts","statementMap":{"0":{"start":{"line":5,"column":26},"end":{"line":117,"column":2}}},"fnMap":{},"branchMap":{},"s":{"0":0},"f":{},"b":{}}
,"E:\\Code\\E_LEARNING\\frontend\\constants\\images\\avatar.ts": {"path":"E:\\Code\\E_LEARNING\\frontend\\constants\\images\\avatar.ts","statementMap":{"0":{"start":{"line":2,"column":23},"end":{"line":8,"column":1}},"1":{"start":{"line":11,"column":26},"end":{"line":17,"column":1}}},"fnMap":{},"branchMap":{},"s":{"0":0,"1":0},"f":{},"b":{}}
,"E:\\Code\\E_LEARNING\\frontend\\constants\\images\\common.ts": {"path":"E:\\Code\\E_LEARNING\\frontend\\constants\\images\\common.ts","statementMap":{"0":{"start":{"line":1,"column":28},"end":{"line":5,"column":1}}},"fnMap":{},"branchMap":{},"s":{"0":0},"f":{},"b":{}}
,"E:\\Code\\E_LEARNING\\frontend\\constants\\images\\images.ts": {"path":"E:\\Code\\E_LEARNING\\frontend\\constants\\images\\images.ts","statementMap":{"0":{"start":{"line":7,"column":22},"end":{"line":13,"column":1}}},"fnMap":{},"branchMap":{},"s":{"0":0},"f":{},"b":{}}
,"E:\\Code\\E_LEARNING\\frontend\\constants\\images\\more-img.ts": {"path":"E:\\Code\\E_LEARNING\\frontend\\constants\\images\\more-img.ts","statementMap":{"0":{"start":{"line":1,"column":26},"end":{"line":14,"column":1}}},"fnMap":{},"branchMap":{},"s":{"0":0},"f":{},"b":{}}
,"E:\\Code\\E_LEARNING\\frontend\\constants\\images\\top-banner.ts": {"path":"E:\\Code\\E_LEARNING\\frontend\\constants\\images\\top-banner.ts","statementMap":{"0":{"start":{"line":1,"column":25},"end":{"line":14,"column":1}}},"fnMap":{},"branchMap":{},"s":{"0":0},"f":{},"b":{}}
,"E:\\Code\\E_LEARNING\\frontend\\navigation\\AppNavigator.tsx": {"path":"E:\\Code\\E_LEARNING\\frontend\\navigation\\AppNavigator.tsx","statementMap":{"0":{"start":{"line":119,"column":14},"end":{"line":119,"column":62}},"1":{"start":{"line":122,"column":25},"end":{"line":122,"column":48}},"2":{"start":{"line":123,"column":2},"end":{"line":253,"column":4}}},"fnMap":{"0":{"name":"AppNavigator","decl":{"start":{"line":121,"column":24},"end":{"line":121,"column":36}},"loc":{"start":{"line":121,"column":39},"end":{"line":254,"column":1}},"line":121}},"branchMap":{"0":{"loc":{"start":{"line":125,"column":7},"end":{"line":251,"column":9}},"type":"cond-expr","locations":[{"start":{"line":126,"column":8},"end":{"line":244,"column":9}},{"start":{"line":246,"column":9},"end":{"line":250,"column":11}}],"line":125}},"s":{"0":0,"1":0,"2":0},"f":{"0":0},"b":{"0":[0,0]}}
,"E:\\Code\\E_LEARNING\\frontend\\navigation\\BottomTab.tsx": {"path":"E:\\Code\\E_LEARNING\\frontend\\navigation\\BottomTab.tsx","statementMap":{"0":{"start":{"line":16,"column":12},"end":{"line":16,"column":38}},"1":{"start":{"line":19,"column":30},"end":{"line":19,"column":59}},"2":{"start":{"line":21,"column":2},"end":{"line":31,"column":9}},"3":{"start":{"line":22,"column":22},"end":{"line":29,"column":5}},"4":{"start":{"line":23,"column":6},"end":{"line":28,"column":7}},"5":{"start":{"line":24,"column":21},"end":{"line":24,"column":46}},"6":{"start":{"line":25,"column":8},"end":{"line":25,"column":32}},"7":{"start":{"line":27,"column":8},"end":{"line":27,"column":24}},"8":{"start":{"line":30,"column":4},"end":{"line":30,"column":16}},"9":{"start":{"line":33,"column":24},"end":{"line":56,"column":4}},"10":{"start":{"line":33,"column":56},"end":{"line":56,"column":3}},"11":{"start":{"line":35,"column":21},"end":{"line":35,"column":35}},"12":{"start":{"line":37,"column":6},"end":{"line":47,"column":61}},"13":{"start":{"line":37,"column":33},"end":{"line":37,"column":78}},"14":{"start":{"line":38,"column":11},"end":{"line":47,"column":61}},"15":{"start":{"line":39,"column":8},"end":{"line":39,"column":53}},"16":{"start":{"line":40,"column":11},"end":{"line":47,"column":61}},"17":{"start":{"line":41,"column":8},"end":{"line":41,"column":57}},"18":{"start":{"line":42,"column":11},"end":{"line":47,"column":61}},"19":{"start":{"line":43,"column":8},"end":{"line":43,"column":53}},"20":{"start":{"line":44,"column":11},"end":{"line":47,"column":61}},"21":{"start":{"line":45,"column":8},"end":{"line":45,"column":63}},"22":{"start":{"line":46,"column":11},"end":{"line":47,"column":61}},"23":{"start":{"line":47,"column":8},"end":{"line":47,"column":61}},"24":{"start":{"line":49,"column":6},"end":{"line":49,"column":68}},"25":{"start":{"line":58,"column":21},"end":{"line":120,"column":3}},"26":{"start":{"line":59,"column":4},"end":{"line":119,"column":5}},"27":{"start":{"line":61,"column":6},"end":{"line":77,"column":8}},"28":{"start":{"line":78,"column":11},"end":{"line":119,"column":5}},"29":{"start":{"line":80,"column":6},"end":{"line":95,"column":8}},"30":{"start":{"line":98,"column":6},"end":{"line":118,"column":8}},"31":{"start":{"line":122,"column":2},"end":{"line":124,"column":4}},"32":{"start":{"line":127,"column":15},"end":{"line":139,"column":2}}},"fnMap":{"0":{"name":"BottomTab","decl":{"start":{"line":18,"column":24},"end":{"line":18,"column":33}},"loc":{"start":{"line":18,"column":36},"end":{"line":125,"column":1}},"line":18},"1":{"name":"(anonymous_1)","decl":{"start":{"line":21,"column":12},"end":{"line":21,"column":13}},"loc":{"start":{"line":21,"column":18},"end":{"line":31,"column":3}},"line":21},"2":{"name":"(anonymous_2)","decl":{"start":{"line":22,"column":22},"end":{"line":22,"column":23}},"loc":{"start":{"line":22,"column":34},"end":{"line":29,"column":5}},"line":22},"3":{"name":"(anonymous_3)","decl":{"start":{"line":33,"column":24},"end":{"line":33,"column":25}},"loc":{"start":{"line":33,"column":56},"end":{"line":56,"column":3}},"line":33},"4":{"name":"(anonymous_4)","decl":{"start":{"line":34,"column":16},"end":{"line":34,"column":17}},"loc":{"start":{"line":34,"column":51},"end":{"line":50,"column":5}},"line":34},"5":{"name":"(anonymous_5)","decl":{"start":{"line":58,"column":21},"end":{"line":58,"column":22}},"loc":{"start":{"line":58,"column":27},"end":{"line":120,"column":3}},"line":58}},"branchMap":{"0":{"loc":{"start":{"line":37,"column":6},"end":{"line":47,"column":61}},"type":"if","locations":[{"start":{"line":37,"column":6},"end":{"line":47,"column":61}},{"start":{"line":38,"column":11},"end":{"line":47,"column":61}}],"line":37},"1":{"loc":{"start":{"line":37,"column":44},"end":{"line":37,"column":77}},"type":"cond-expr","locations":[{"start":{"line":37,"column":54},"end":{"line":37,"column":60}},{"start":{"line":37,"column":63},"end":{"line":37,"column":77}}],"line":37},"2":{"loc":{"start":{"line":38,"column":11},"end":{"line":47,"column":61}},"type":"if","locations":[{"start":{"line":38,"column":11},"end":{"line":47,"column":61}},{"start":{"line":40,"column":11},"end":{"line":47,"column":61}}],"line":38},"3":{"loc":{"start":{"line":38,"column":15},"end":{"line":38,"column":69}},"type":"binary-expr","locations":[{"start":{"line":38,"column":15},"end":{"line":38,"column":38}},{"start":{"line":38,"column":42},"end":{"line":38,"column":69}}],"line":38},"4":{"loc":{"start":{"line":39,"column":19},"end":{"line":39,"column":52}},"type":"cond-expr","locations":[{"start":{"line":39,"column":29},"end":{"line":39,"column":35}},{"start":{"line":39,"column":38},"end":{"line":39,"column":52}}],"line":39},"5":{"loc":{"start":{"line":40,"column":11},"end":{"line":47,"column":61}},"type":"if","locations":[{"start":{"line":40,"column":11},"end":{"line":47,"column":61}},{"start":{"line":42,"column":11},"end":{"line":47,"column":61}}],"line":40},"6":{"loc":{"start":{"line":41,"column":19},"end":{"line":41,"column":56}},"type":"cond-expr","locations":[{"start":{"line":41,"column":29},"end":{"line":41,"column":37}},{"start":{"line":41,"column":40},"end":{"line":41,"column":56}}],"line":41},"7":{"loc":{"start":{"line":42,"column":11},"end":{"line":47,"column":61}},"type":"if","locations":[{"start":{"line":42,"column":11},"end":{"line":47,"column":61}},{"start":{"line":44,"column":11},"end":{"line":47,"column":61}}],"line":42},"8":{"loc":{"start":{"line":43,"column":19},"end":{"line":43,"column":52}},"type":"cond-expr","locations":[{"start":{"line":43,"column":29},"end":{"line":43,"column":35}},{"start":{"line":43,"column":38},"end":{"line":43,"column":52}}],"line":43},"9":{"loc":{"start":{"line":44,"column":11},"end":{"line":47,"column":61}},"type":"if","locations":[{"start":{"line":44,"column":11},"end":{"line":47,"column":61}},{"start":{"line":46,"column":11},"end":{"line":47,"column":61}}],"line":44},"10":{"loc":{"start":{"line":45,"column":19},"end":{"line":45,"column":62}},"type":"cond-expr","locations":[{"start":{"line":45,"column":29},"end":{"line":45,"column":40}},{"start":{"line":45,"column":43},"end":{"line":45,"column":62}}],"line":45},"11":{"loc":{"start":{"line":46,"column":11},"end":{"line":47,"column":61}},"type":"if","locations":[{"start":{"line":46,"column":11},"end":{"line":47,"column":61}},{"start":{},"end":{}}],"line":46},"12":{"loc":{"start":{"line":46,"column":15},"end":{"line":46,"column":76}},"type":"binary-expr","locations":[{"start":{"line":46,"column":15},"end":{"line":46,"column":41}},{"start":{"line":46,"column":45},"end":{"line":46,"column":76}}],"line":46},"13":{"loc":{"start":{"line":47,"column":19},"end":{"line":47,"column":60}},"type":"cond-expr","locations":[{"start":{"line":47,"column":29},"end":{"line":47,"column":39}},{"start":{"line":47,"column":42},"end":{"line":47,"column":60}}],"line":47},"14":{"loc":{"start":{"line":59,"column":4},"end":{"line":119,"column":5}},"type":"if","locations":[{"start":{"line":59,"column":4},"end":{"line":119,"column":5}},{"start":{"line":78,"column":11},"end":{"line":119,"column":5}}],"line":59},"15":{"loc":{"start":{"line":78,"column":11},"end":{"line":119,"column":5}},"type":"if","locations":[{"start":{"line":78,"column":11},"end":{"line":119,"column":5}},{"start":{"line":96,"column":11},"end":{"line":119,"column":5}}],"line":78},"16":{"loc":{"start":{"line":130,"column":12},"end":{"line":130,"column":43}},"type":"cond-expr","locations":[{"start":{"line":130,"column":36},"end":{"line":130,"column":38}},{"start":{"line":130,"column":41},"end":{"line":130,"column":43}}],"line":130}},"s":{"0":0,"1":0,"2":0,"3":0,"4":0,"5":0,"6":0,"7":0,"8":0,"9":0,"10":0,"11":0,"12":0,"13":0,"14":0,"15":0,"16":0,"17":0,"18":0,"19":0,"20":0,"21":0,"22":0,"23":0,"24":0,"25":0,"26":0,"27":0,"28":0,"29":0,"30":0,"31":0,"32":0},"f":{"0":0,"1":0,"2":0,"3":0,"4":0,"5":0},"b":{"0":[0,0],"1":[0,0],"2":[0,0],"3":[0,0],"4":[0,0],"5":[0,0],"6":[0,0],"7":[0,0],"8":[0,0],"9":[0,0],"10":[0,0],"11":[0,0],"12":[0,0],"13":[0,0],"14":[0,0],"15":[0,0],"16":[0,0]}}
,"E:\\Code\\E_LEARNING\\frontend\\screens\\HomeScreen.tsx": {"path":"E:\\Code\\E_LEARNING\\frontend\\screens\\HomeScreen.tsx","statementMap":{"0":{"start":{"line":22,"column":26},"end":{"line":22,"column":50}},"1":{"start":{"line":26,"column":19},"end":{"line":26,"column":36}},"2":{"start":{"line":27,"column":21},"end":{"line":27,"column":63}},"3":{"start":{"line":27,"column":41},"end":{"line":27,"column":63}},"4":{"start":{"line":30,"column":19},"end":{"line":52,"column":1}},"5":{"start":{"line":55,"column":17},"end":{"line":82,"column":1}},"6":{"start":{"line":85,"column":14},"end":{"line":90,"column":1}},"7":{"start":{"line":93,"column":22},"end":{"line":98,"column":1}},"8":{"start":{"line":101,"column":21},"end":{"line":101,"column":52}},"9":{"start":{"line":102,"column":26},"end":{"line":102,"column":45}},"10":{"start":{"line":103,"column":46},"end":{"line":103,"column":65}},"11":{"start":{"line":104,"column":32},"end":{"line":104,"column":46}},"12":{"start":{"line":105,"column":42},"end":{"line":105,"column":53}},"13":{"start":{"line":106,"column":19},"end":{"line":106,"column":41}},"14":{"start":{"line":108,"column":21},"end":{"line":113,"column":3}},"15":{"start":{"line":109,"column":23},"end":{"line":109,"column":71}},"16":{"start":{"line":110,"column":4},"end":{"line":112,"column":5}},"17":{"start":{"line":111,"column":6},"end":{"line":111,"column":62}},"18":{"start":{"line":115,"column":20},"end":{"line":127,"column":3}},"19":{"start":{"line":116,"column":4},"end":{"line":126,"column":5}},"20":{"start":{"line":117,"column":19},"end":{"line":117,"column":44}},"21":{"start":{"line":118,"column":6},"end":{"line":118,"column":20}},"22":{"start":{"line":119,"column":6},"end":{"line":121,"column":7}},"23":{"start":{"line":120,"column":8},"end":{"line":120,"column":39}},"24":{"start":{"line":123,"column":6},"end":{"line":123,"column":20}},"25":{"start":{"line":125,"column":6},"end":{"line":125,"column":24}},"26":{"start":{"line":130,"column":2},"end":{"line":135,"column":19}},"27":{"start":{"line":131,"column":24},"end":{"line":133,"column":6}},"28":{"start":{"line":132,"column":6},"end":{"line":132,"column":18}},"29":{"start":{"line":134,"column":4},"end":{"line":134,"column":23}},"30":{"start":{"line":138,"column":2},"end":{"line":148,"column":9}},"31":{"start":{"line":139,"column":18},"end":{"line":145,"column":12}},"32":{"start":{"line":140,"column":6},"end":{"line":144,"column":9}},"33":{"start":{"line":141,"column":26},"end":{"line":141,"column":56}},"34":{"start":{"line":142,"column":8},"end":{"line":142,"column":78}},"35":{"start":{"line":143,"column":8},"end":{"line":143,"column":25}},"36":{"start":{"line":147,"column":4},"end":{"line":147,"column":38}},"37":{"start":{"line":147,"column":17},"end":{"line":147,"column":37}},"38":{"start":{"line":150,"column":26},"end":{"line":199,"column":3}},"39":{"start":{"line":151,"column":4},"end":{"line":198,"column":11}},"40":{"start":{"line":201,"column":24},"end":{"line":240,"column":3}},"41":{"start":{"line":202,"column":4},"end":{"line":239,"column":11}},"42":{"start":{"line":242,"column":2},"end":{"line":251,"column":3}},"43":{"start":{"line":243,"column":4},"end":{"line":250,"column":6}},"44":{"start":{"line":253,"column":2},"end":{"line":506,"column":4}},"45":{"start":{"line":261,"column":34},"end":{"line":261,"column":52}},"46":{"start":{"line":308,"column":29},"end":{"line":308,"column":69}},"47":{"start":{"line":340,"column":29},"end":{"line":340,"column":57}},"48":{"start":{"line":373,"column":12},"end":{"line":407,"column":19}},"49":{"start":{"line":441,"column":34},"end":{"line":441,"column":52}},"50":{"start":{"line":455,"column":14},"end":{"line":465,"column":16}}},"fnMap":{"0":{"name":"(anonymous_0)","decl":{"start":{"line":27,"column":21},"end":{"line":27,"column":22}},"loc":{"start":{"line":27,"column":41},"end":{"line":27,"column":63}},"line":27},"1":{"name":"HomeScreen","decl":{"start":{"line":100,"column":24},"end":{"line":100,"column":34}},"loc":{"start":{"line":100,"column":37},"end":{"line":507,"column":1}},"line":100},"2":{"name":"(anonymous_2)","decl":{"start":{"line":108,"column":21},"end":{"line":108,"column":22}},"loc":{"start":{"line":108,"column":47},"end":{"line":113,"column":3}},"line":108},"3":{"name":"(anonymous_3)","decl":{"start":{"line":115,"column":20},"end":{"line":115,"column":21}},"loc":{"start":{"line":115,"column":32},"end":{"line":127,"column":3}},"line":115},"4":{"name":"(anonymous_4)","decl":{"start":{"line":130,"column":12},"end":{"line":130,"column":13}},"loc":{"start":{"line":130,"column":18},"end":{"line":135,"column":3}},"line":130},"5":{"name":"(anonymous_5)","decl":{"start":{"line":131,"column":56},"end":{"line":131,"column":57}},"loc":{"start":{"line":131,"column":62},"end":{"line":133,"column":5}},"line":131},"6":{"name":"(anonymous_6)","decl":{"start":{"line":138,"column":12},"end":{"line":138,"column":13}},"loc":{"start":{"line":138,"column":18},"end":{"line":148,"column":3}},"line":138},"7":{"name":"(anonymous_7)","decl":{"start":{"line":139,"column":30},"end":{"line":139,"column":31}},"loc":{"start":{"line":139,"column":36},"end":{"line":145,"column":5}},"line":139},"8":{"name":"(anonymous_8)","decl":{"start":{"line":140,"column":22},"end":{"line":140,"column":23}},"loc":{"start":{"line":140,"column":32},"end":{"line":144,"column":7}},"line":140},"9":{"name":"(anonymous_9)","decl":{"start":{"line":147,"column":11},"end":{"line":147,"column":12}},"loc":{"start":{"line":147,"column":17},"end":{"line":147,"column":37}},"line":147},"10":{"name":"(anonymous_10)","decl":{"start":{"line":150,"column":26},"end":{"line":150,"column":27}},"loc":{"start":{"line":151,"column":4},"end":{"line":198,"column":11}},"line":151},"11":{"name":"(anonymous_11)","decl":{"start":{"line":201,"column":24},"end":{"line":201,"column":25}},"loc":{"start":{"line":202,"column":4},"end":{"line":239,"column":11}},"line":202},"12":{"name":"(anonymous_12)","decl":{"start":{"line":261,"column":24},"end":{"line":261,"column":25}},"loc":{"start":{"line":261,"column":34},"end":{"line":261,"column":52}},"line":261},"13":{"name":"(anonymous_13)","decl":{"start":{"line":308,"column":23},"end":{"line":308,"column":24}},"loc":{"start":{"line":308,"column":29},"end":{"line":308,"column":69}},"line":308},"14":{"name":"(anonymous_14)","decl":{"start":{"line":340,"column":23},"end":{"line":340,"column":24}},"loc":{"start":{"line":340,"column":29},"end":{"line":340,"column":57}},"line":340},"15":{"name":"(anonymous_15)","decl":{"start":{"line":372,"column":21},"end":{"line":372,"column":22}},"loc":{"start":{"line":373,"column":12},"end":{"line":407,"column":19}},"line":373},"16":{"name":"(anonymous_16)","decl":{"start":{"line":441,"column":24},"end":{"line":441,"column":25}},"loc":{"start":{"line":441,"column":34},"end":{"line":441,"column":52}},"line":441},"17":{"name":"(anonymous_17)","decl":{"start":{"line":454,"column":31},"end":{"line":454,"column":32}},"loc":{"start":{"line":455,"column":14},"end":{"line":465,"column":16}},"line":455}},"branchMap":{"0":{"loc":{"start":{"line":110,"column":4},"end":{"line":112,"column":5}},"type":"if","locations":[{"start":{"line":110,"column":4},"end":{"line":112,"column":5}},{"start":{},"end":{}}],"line":110},"1":{"loc":{"start":{"line":119,"column":6},"end":{"line":121,"column":7}},"type":"if","locations":[{"start":{"line":119,"column":6},"end":{"line":121,"column":7}},{"start":{},"end":{}}],"line":119},"2":{"loc":{"start":{"line":242,"column":2},"end":{"line":251,"column":3}},"type":"if","locations":[{"start":{"line":242,"column":2},"end":{"line":251,"column":3}},{"start":{},"end":{}}],"line":242},"3":{"loc":{"start":{"line":296,"column":15},"end":{"line":298,"column":40}},"type":"cond-expr","locations":[{"start":{"line":297,"column":18},"end":{"line":297,"column":52}},{"start":{"line":298,"column":18},"end":{"line":298,"column":40}}],"line":296},"4":{"loc":{"start":{"line":301,"column":15},"end":{"line":303,"column":47}},"type":"cond-expr","locations":[{"start":{"line":302,"column":18},"end":{"line":302,"column":47}},{"start":{"line":303,"column":18},"end":{"line":303,"column":47}}],"line":301},"5":{"loc":{"start":{"line":306,"column":11},"end":{"line":346,"column":11}},"type":"cond-expr","locations":[{"start":{"line":307,"column":12},"end":{"line":331,"column":31}},{"start":{"line":333,"column":12},"end":{"line":345,"column":31}}],"line":306},"6":{"loc":{"start":{"line":314,"column":18},"end":{"line":320,"column":23}},"type":"cond-expr","locations":[{"start":{"line":315,"column":22},"end":{"line":315,"column":36}},{"start":{"line":316,"column":22},"end":{"line":320,"column":23}}],"line":314},"7":{"loc":{"start":{"line":318,"column":26},"end":{"line":318,"column":46}},"type":"binary-expr","locations":[{"start":{"line":318,"column":26},"end":{"line":318,"column":36}},{"start":{"line":318,"column":40},"end":{"line":318,"column":46}}],"line":318}},"s":{"0":0,"1":0,"2":0,"3":0,"4":0,"5":0,"6":0,"7":0,"8":0,"9":0,"10":0,"11":0,"12":0,"13":0,"14":0,"15":0,"16":0,"17":0,"18":0,"19":0,"20":0,"21":0,"22":0,"23":0,"24":0,"25":0,"26":0,"27":0,"28":0,"29":0,"30":0,"31":0,"32":0,"33":0,"34":0,"35":0,"36":0,"37":0,"38":0,"39":0,"40":0,"41":0,"42":0,"43":0,"44":0,"45":0,"46":0,"47":0,"48":0,"49":0,"50":0},"f":{"0":0,"1":0,"2":0,"3":0,"4":0,"5":0,"6":0,"7":0,"8":0,"9":0,"10":0,"11":0,"12":0,"13":0,"14":0,"15":0,"16":0,"17":0},"b":{"0":[0,0],"1":[0,0],"2":[0,0],"3":[0,0],"4":[0,0],"5":[0,0],"6":[0,0],"7":[0,0]}}
,"E:\\Code\\E_LEARNING\\frontend\\screens\\MoreScreen.tsx": {"path":"E:\\Code\\E_LEARNING\\frontend\\screens\\MoreScreen.tsx","statementMap":{"0":{"start":{"line":17,"column":21},"end":{"line":17,"column":41}},"1":{"start":{"line":19,"column":24},"end":{"line":37,"column":3}},"2":{"start":{"line":39,"column":2},"end":{"line":91,"column":4}},"3":{"start":{"line":61,"column":8},"end":{"line":76,"column":27}},"4":{"start":{"line":67,"column":25},"end":{"line":67,"column":60}}},"fnMap":{"0":{"name":"MoreScreen","decl":{"start":{"line":16,"column":24},"end":{"line":16,"column":34}},"loc":{"start":{"line":16,"column":37},"end":{"line":92,"column":1}},"line":16},"1":{"name":"(anonymous_1)","decl":{"start":{"line":60,"column":25},"end":{"line":60,"column":26}},"loc":{"start":{"line":61,"column":8},"end":{"line":76,"column":27}},"line":61},"2":{"name":"(anonymous_2)","decl":{"start":{"line":67,"column":19},"end":{"line":67,"column":20}},"loc":{"start":{"line":67,"column":25},"end":{"line":67,"column":60}},"line":67}},"branchMap":{},"s":{"0":0,"1":0,"2":0,"3":0,"4":0},"f":{"0":0,"1":0,"2":0},"b":{}}
,"E:\\Code\\E_LEARNING\\frontend\\screens\\Assignment\\AddAssignmentScreen.tsx": {"path":"E:\\Code\\E_LEARNING\\frontend\\screens\\Assignment\\AddAssignmentScreen.tsx","statementMap":{"0":{"start":{"line":30,"column":21},"end":{"line":30,"column":36}},"1":{"start":{"line":31,"column":16},"end":{"line":31,"column":31}},"2":{"start":{"line":32,"column":23},"end":{"line":32,"column":35}},"3":{"start":{"line":34,"column":28},"end":{"line":34,"column":40}},"4":{"start":{"line":35,"column":40},"end":{"line":35,"column":52}},"5":{"start":{"line":36,"column":36},"end":{"line":36,"column":48}},"6":{"start":{"line":37,"column":42},"end":{"line":37,"column":68}},"7":{"start":{"line":38,"column":38},"end":{"line":38,"column":64}},"8":{"start":{"line":39,"column":32},"end":{"line":39,"column":47}},"9":{"start":{"line":41,"column":48},"end":{"line":41,"column":63}},"10":{"start":{"line":42,"column":44},"end":{"line":42,"column":59}},"11":{"start":{"line":45,"column":21},"end":{"line":51,"column":3}},"12":{"start":{"line":46,"column":14},"end":{"line":46,"column":28}},"13":{"start":{"line":47,"column":17},"end":{"line":47,"column":32}},"14":{"start":{"line":48,"column":18},"end":{"line":48,"column":54}},"15":{"start":{"line":49,"column":16},"end":{"line":49,"column":45}},"16":{"start":{"line":50,"column":4},"end":{"line":50,"column":45}},"17":{"start":{"line":53,"column":20},"end":{"line":84,"column":3}},"18":{"start":{"line":54,"column":4},"end":{"line":57,"column":5}},"19":{"start":{"line":55,"column":6},"end":{"line":55,"column":66}},"20":{"start":{"line":56,"column":6},"end":{"line":56,"column":13}},"21":{"start":{"line":59,"column":4},"end":{"line":59,"column":21}},"22":{"start":{"line":60,"column":4},"end":{"line":83,"column":5}},"23":{"start":{"line":61,"column":22},"end":{"line":68,"column":7}},"24":{"start":{"line":70,"column":6},"end":{"line":70,"column":56}},"25":{"start":{"line":72,"column":6},"end":{"line":72,"column":74}},"26":{"start":{"line":73,"column":6},"end":{"line":73,"column":26}},"27":{"start":{"line":75,"column":6},"end":{"line":80,"column":8}},"28":{"start":{"line":82,"column":6},"end":{"line":82,"column":24}},"29":{"start":{"line":86,"column":2},"end":{"line":200,"column":4}},"30":{"start":{"line":106,"column":25},"end":{"line":106,"column":44}},"31":{"start":{"line":133,"column":25},"end":{"line":133,"column":49}},"32":{"start":{"line":143,"column":14},"end":{"line":143,"column":56}},"33":{"start":{"line":144,"column":14},"end":{"line":144,"column":62}},"34":{"start":{"line":144,"column":32},"end":{"line":144,"column":62}},"35":{"start":{"line":152,"column":25},"end":{"line":152,"column":47}},"36":{"start":{"line":162,"column":14},"end":{"line":162,"column":54}},"37":{"start":{"line":163,"column":14},"end":{"line":163,"column":60}},"38":{"start":{"line":163,"column":32},"end":{"line":163,"column":60}}},"fnMap":{"0":{"name":"AddAssignmentScreen","decl":{"start":{"line":29,"column":24},"end":{"line":29,"column":43}},"loc":{"start":{"line":29,"column":46},"end":{"line":201,"column":1}},"line":29},"1":{"name":"(anonymous_1)","decl":{"start":{"line":45,"column":21},"end":{"line":45,"column":22}},"loc":{"start":{"line":45,"column":64},"end":{"line":51,"column":3}},"line":45},"2":{"name":"(anonymous_2)","decl":{"start":{"line":53,"column":20},"end":{"line":53,"column":21}},"loc":{"start":{"line":53,"column":32},"end":{"line":84,"column":3}},"line":53},"3":{"name":"(anonymous_3)","decl":{"start":{"line":106,"column":19},"end":{"line":106,"column":20}},"loc":{"start":{"line":106,"column":25},"end":{"line":106,"column":44}},"line":106},"4":{"name":"(anonymous_4)","decl":{"start":{"line":133,"column":19},"end":{"line":133,"column":20}},"loc":{"start":{"line":133,"column":25},"end":{"line":133,"column":49}},"line":133},"5":{"name":"(anonymous_5)","decl":{"start":{"line":142,"column":22},"end":{"line":142,"column":23}},"loc":{"start":{"line":142,"column":47},"end":{"line":145,"column":13}},"line":142},"6":{"name":"(anonymous_6)","decl":{"start":{"line":152,"column":19},"end":{"line":152,"column":20}},"loc":{"start":{"line":152,"column":25},"end":{"line":152,"column":47}},"line":152},"7":{"name":"(anonymous_7)","decl":{"start":{"line":161,"column":22},"end":{"line":161,"column":23}},"loc":{"start":{"line":161,"column":47},"end":{"line":164,"column":13}},"line":161}},"branchMap":{"0":{"loc":{"start":{"line":45,"column":34},"end":{"line":45,"column":59}},"type":"default-arg","locations":[{"start":{"line":45,"column":49},"end":{"line":45,"column":59}}],"line":45},"1":{"loc":{"start":{"line":54,"column":4},"end":{"line":57,"column":5}},"type":"if","locations":[{"start":{"line":54,"column":4},"end":{"line":57,"column":5}},{"start":{},"end":{}}],"line":54},"2":{"loc":{"start":{"line":54,"column":8},"end":{"line":54,"column":30}},"type":"binary-expr","locations":[{"start":{"line":54,"column":8},"end":{"line":54,"column":14}},{"start":{"line":54,"column":18},"end":{"line":54,"column":30}}],"line":54},"3":{"loc":{"start":{"line":67,"column":12},"end":{"line":67,"column":64}},"type":"binary-expr","locations":[{"start":{"line":67,"column":12},"end":{"line":67,"column":28}},{"start":{"line":67,"column":32},"end":{"line":67,"column":64}}],"line":67},"4":{"loc":{"start":{"line":77,"column":8},"end":{"line":79,"column":35}},"type":"binary-expr","locations":[{"start":{"line":77,"column":8},"end":{"line":77,"column":35}},{"start":{"line":78,"column":10},"end":{"line":78,"column":23}},{"start":{"line":79,"column":10},"end":{"line":79,"column":35}}],"line":77},"5":{"loc":{"start":{"line":137,"column":9},"end":{"line":147,"column":9}},"type":"binary-expr","locations":[{"start":{"line":137,"column":9},"end":{"line":137,"column":24}},{"start":{"line":138,"column":10},"end":{"line":146,"column":12}}],"line":137},"6":{"loc":{"start":{"line":144,"column":14},"end":{"line":144,"column":62}},"type":"if","locations":[{"start":{"line":144,"column":14},"end":{"line":144,"column":62}},{"start":{},"end":{}}],"line":144},"7":{"loc":{"start":{"line":156,"column":9},"end":{"line":166,"column":9}},"type":"binary-expr","locations":[{"start":{"line":156,"column":9},"end":{"line":156,"column":22}},{"start":{"line":157,"column":10},"end":{"line":165,"column":12}}],"line":156},"8":{"loc":{"start":{"line":163,"column":14},"end":{"line":163,"column":60}},"type":"if","locations":[{"start":{"line":163,"column":14},"end":{"line":163,"column":60}},{"start":{},"end":{}}],"line":163},"9":{"loc":{"start":{"line":175,"column":9},"end":{"line":185,"column":9}},"type":"cond-expr","locations":[{"start":{"line":176,"column":10},"end":{"line":176,"column":67}},{"start":{"line":178,"column":10},"end":{"line":184,"column":29}}],"line":175}},"s":{"0":0,"1":0,"2":0,"3":0,"4":0,"5":0,"6":0,"7":0,"8":0,"9":0,"10":0,"11":0,"12":0,"13":0,"14":0,"15":0,"16":0,"17":0,"18":0,"19":0,"20":0,"21":0,"22":0,"23":0,"24":0,"25":0,"26":0,"27":0,"28":0,"29":0,"30":0,"31":0,"32":0,"33":0,"34":0,"35":0,"36":0,"37":0,"38":0},"f":{"0":0,"1":0,"2":0,"3":0,"4":0,"5":0,"6":0,"7":0},"b":{"0":[0],"1":[0,0],"2":[0,0],"3":[0,0],"4":[0,0,0],"5":[0,0],"6":[0,0],"7":[0,0],"8":[0,0],"9":[0,0]}}
,"E:\\Code\\E_LEARNING\\frontend\\screens\\Assignment\\AssignmentDetailScreen.tsx": {"path":"E:\\Code\\E_LEARNING\\frontend\\screens\\Assignment\\AssignmentDetailScreen.tsx","statementMap":{"0":{"start":{"line":44,"column":16},"end":{"line":44,"column":31}},"1":{"start":{"line":45,"column":21},"end":{"line":45,"column":52}},"2":{"start":{"line":46,"column":25},"end":{"line":46,"column":43}},"3":{"start":{"line":48,"column":30},"end":{"line":48,"column":59}},"4":{"start":{"line":49,"column":32},"end":{"line":49,"column":46}},"5":{"start":{"line":50,"column":40},"end":{"line":50,"column":66}},"6":{"start":{"line":51,"column":50},"end":{"line":51,"column":75}},"7":{"start":{"line":53,"column":20},"end":{"line":81,"column":3}},"8":{"start":{"line":54,"column":4},"end":{"line":57,"column":5}},"9":{"start":{"line":55,"column":6},"end":{"line":55,"column":56}},"10":{"start":{"line":56,"column":6},"end":{"line":56,"column":13}},"11":{"start":{"line":58,"column":4},"end":{"line":58,"column":21}},"12":{"start":{"line":59,"column":4},"end":{"line":80,"column":5}},"13":{"start":{"line":60,"column":19},"end":{"line":60,"column":44}},"14":{"start":{"line":61,"column":6},"end":{"line":61,"column":30}},"15":{"start":{"line":63,"column":21},"end":{"line":65,"column":7}},"16":{"start":{"line":66,"column":6},"end":{"line":66,"column":34}},"17":{"start":{"line":68,"column":6},"end":{"line":73,"column":7}},"18":{"start":{"line":69,"column":20},"end":{"line":71,"column":9}},"19":{"start":{"line":72,"column":8},"end":{"line":72,"column":28}},"20":{"start":{"line":75,"column":6},"end":{"line":77,"column":7}},"21":{"start":{"line":76,"column":8},"end":{"line":76,"column":79}},"22":{"start":{"line":79,"column":6},"end":{"line":79,"column":24}},"23":{"start":{"line":83,"column":2},"end":{"line":85,"column":9}},"24":{"start":{"line":84,"column":4},"end":{"line":84,"column":16}},"25":{"start":{"line":87,"column":2},"end":{"line":94,"column":3}},"26":{"start":{"line":88,"column":4},"end":{"line":93,"column":6}},"27":{"start":{"line":96,"column":31},"end":{"line":122,"column":3}},"28":{"start":{"line":97,"column":4},"end":{"line":121,"column":23}},"29":{"start":{"line":101,"column":8},"end":{"line":101,"column":69}},"30":{"start":{"line":124,"column":2},"end":{"line":265,"column":4}},"31":{"start":{"line":128,"column":32},"end":{"line":128,"column":61}},"32":{"start":{"line":162,"column":31},"end":{"line":162,"column":50}},"33":{"start":{"line":203,"column":33},"end":{"line":203,"column":77}},"34":{"start":{"line":221,"column":20},"end":{"line":223,"column":22}}},"fnMap":{"0":{"name":"AssignmentDetailScreen","decl":{"start":{"line":43,"column":24},"end":{"line":43,"column":46}},"loc":{"start":{"line":43,"column":49},"end":{"line":266,"column":1}},"line":43},"1":{"name":"(anonymous_1)","decl":{"start":{"line":53,"column":20},"end":{"line":53,"column":21}},"loc":{"start":{"line":53,"column":32},"end":{"line":81,"column":3}},"line":53},"2":{"name":"(anonymous_2)","decl":{"start":{"line":83,"column":12},"end":{"line":83,"column":13}},"loc":{"start":{"line":83,"column":18},"end":{"line":85,"column":3}},"line":83},"3":{"name":"(anonymous_3)","decl":{"start":{"line":96,"column":31},"end":{"line":96,"column":32}},"loc":{"start":{"line":97,"column":4},"end":{"line":121,"column":23}},"line":97},"4":{"name":"(anonymous_4)","decl":{"start":{"line":100,"column":15},"end":{"line":100,"column":16}},"loc":{"start":{"line":101,"column":8},"end":{"line":101,"column":69}},"line":101},"5":{"name":"(anonymous_5)","decl":{"start":{"line":128,"column":22},"end":{"line":128,"column":23}},"loc":{"start":{"line":128,"column":32},"end":{"line":128,"column":61}},"line":128},"6":{"name":"(anonymous_6)","decl":{"start":{"line":162,"column":25},"end":{"line":162,"column":26}},"loc":{"start":{"line":162,"column":31},"end":{"line":162,"column":50}},"line":162},"7":{"name":"(anonymous_7)","decl":{"start":{"line":203,"column":27},"end":{"line":203,"column":28}},"loc":{"start":{"line":203,"column":33},"end":{"line":203,"column":77}},"line":203},"8":{"name":"(anonymous_8)","decl":{"start":{"line":220,"column":27},"end":{"line":220,"column":28}},"loc":{"start":{"line":221,"column":20},"end":{"line":223,"column":22}},"line":221}},"branchMap":{"0":{"loc":{"start":{"line":46,"column":25},"end":{"line":46,"column":43}},"type":"binary-expr","locations":[{"start":{"line":46,"column":25},"end":{"line":46,"column":37}},{"start":{"line":46,"column":41},"end":{"line":46,"column":43}}],"line":46},"1":{"loc":{"start":{"line":54,"column":4},"end":{"line":57,"column":5}},"type":"if","locations":[{"start":{"line":54,"column":4},"end":{"line":57,"column":5}},{"start":{},"end":{}}],"line":54},"2":{"loc":{"start":{"line":68,"column":6},"end":{"line":73,"column":7}},"type":"if","locations":[{"start":{"line":68,"column":6},"end":{"line":73,"column":7}},{"start":{},"end":{}}],"line":68},"3":{"loc":{"start":{"line":75,"column":6},"end":{"line":77,"column":7}},"type":"if","locations":[{"start":{"line":75,"column":6},"end":{"line":77,"column":7}},{"start":{},"end":{}}],"line":75},"4":{"loc":{"start":{"line":76,"column":27},"end":{"line":76,"column":77}},"type":"binary-expr","locations":[{"start":{"line":76,"column":27},"end":{"line":76,"column":40}},{"start":{"line":76,"column":44},"end":{"line":76,"column":77}}],"line":76},"5":{"loc":{"start":{"line":87,"column":2},"end":{"line":94,"column":3}},"type":"if","locations":[{"start":{"line":87,"column":2},"end":{"line":94,"column":3}},{"start":{},"end":{}}],"line":87},"6":{"loc":{"start":{"line":106,"column":11},"end":{"line":106,"column":46}},"type":"binary-expr","locations":[{"start":{"line":106,"column":11},"end":{"line":106,"column":23}},{"start":{"line":106,"column":27},"end":{"line":106,"column":46}}],"line":106},"7":{"loc":{"start":{"line":109,"column":23},"end":{"line":109,"column":53}},"type":"binary-expr","locations":[{"start":{"line":109,"column":23},"end":{"line":109,"column":40}},{"start":{"line":109,"column":44},"end":{"line":109,"column":53}}],"line":109},"8":{"loc":{"start":{"line":112,"column":20},"end":{"line":112,"column":45}},"type":"binary-expr","locations":[{"start":{"line":112,"column":20},"end":{"line":112,"column":30}},{"start":{"line":112,"column":34},"end":{"line":112,"column":45}}],"line":112},"9":{"loc":{"start":{"line":127,"column":14},"end":{"line":127,"column":45}},"type":"cond-expr","locations":[{"start":{"line":127,"column":29},"end":{"line":127,"column":40}},{"start":{"line":127,"column":43},"end":{"line":127,"column":45}}],"line":127},"10":{"loc":{"start":{"line":188,"column":17},"end":{"line":188,"column":62}},"type":"binary-expr","locations":[{"start":{"line":188,"column":17},"end":{"line":188,"column":40}},{"start":{"line":188,"column":44},"end":{"line":188,"column":62}}],"line":188},"11":{"loc":{"start":{"line":191,"column":24},"end":{"line":191,"column":73}},"type":"binary-expr","locations":[{"start":{"line":191,"column":24},"end":{"line":191,"column":53}},{"start":{"line":191,"column":57},"end":{"line":191,"column":73}}],"line":191},"12":{"loc":{"start":{"line":197,"column":15},"end":{"line":211,"column":15}},"type":"cond-expr","locations":[{"start":{"line":198,"column":16},"end":{"line":206,"column":23}},{"start":{"line":208,"column":16},"end":{"line":210,"column":23}}],"line":197},"13":{"loc":{"start":{"line":213,"column":32},"end":{"line":213,"column":75}},"type":"binary-expr","locations":[{"start":{"line":213,"column":32},"end":{"line":213,"column":56}},{"start":{"line":213,"column":60},"end":{"line":213,"column":75}}],"line":213},"14":{"loc":{"start":{"line":216,"column":15},"end":{"line":228,"column":15}},"type":"binary-expr","locations":[{"start":{"line":216,"column":15},"end":{"line":216,"column":27}},{"start":{"line":216,"column":31},"end":{"line":216,"column":72}},{"start":{"line":217,"column":16},"end":{"line":227,"column":35}}],"line":216},"15":{"loc":{"start":{"line":232,"column":13},"end":{"line":241,"column":13}},"type":"binary-expr","locations":[{"start":{"line":232,"column":13},"end":{"line":232,"column":25}},{"start":{"line":233,"column":14},"end":{"line":240,"column":21}}],"line":232},"16":{"loc":{"start":{"line":257,"column":10},"end":{"line":261,"column":18}},"type":"cond-expr","locations":[{"start":{"line":258,"column":12},"end":{"line":260,"column":19}},{"start":{"line":261,"column":14},"end":{"line":261,"column":18}}],"line":257}},"s":{"0":0,"1":0,"2":0,"3":0,"4":0,"5":0,"6":0,"7":0,"8":0,"9":0,"10":0,"11":0,"12":0,"13":0,"14":0,"15":0,"16":0,"17":0,"18":0,"19":0,"20":0,"21":0,"22":0,"23":0,"24":0,"25":0,"26":0,"27":0,"28":0,"29":0,"30":0,"31":0,"32":0,"33":0,"34":0},"f":{"0":0,"1":0,"2":0,"3":0,"4":0,"5":0,"6":0,"7":0,"8":0},"b":{"0":[0,0],"1":[0,0],"2":[0,0],"3":[0,0],"4":[0,0],"5":[0,0],"6":[0,0],"7":[0,0],"8":[0,0],"9":[0,0],"10":[0,0],"11":[0,0],"12":[0,0],"13":[0,0],"14":[0,0,0],"15":[0,0],"16":[0,0]}}
,"E:\\Code\\E_LEARNING\\frontend\\screens\\Assignment\\AssignmentListScreen.tsx": {"path":"E:\\Code\\E_LEARNING\\frontend\\screens\\Assignment\\AssignmentListScreen.tsx","statementMap":{"0":{"start":{"line":41,"column":16},"end":{"line":41,"column":31}},"1":{"start":{"line":42,"column":21},"end":{"line":42,"column":52}},"2":{"start":{"line":43,"column":23},"end":{"line":43,"column":35}},"3":{"start":{"line":45,"column":40},"end":{"line":45,"column":66}},"4":{"start":{"line":46,"column":56},"end":{"line":48,"column":3}},"5":{"start":{"line":49,"column":32},"end":{"line":49,"column":55}},"6":{"start":{"line":50,"column":30},"end":{"line":50,"column":59}},"7":{"start":{"line":51,"column":38},"end":{"line":51,"column":50}},"8":{"start":{"line":53,"column":20},"end":{"line":64,"column":3}},"9":{"start":{"line":54,"column":4},"end":{"line":63,"column":5}},"10":{"start":{"line":55,"column":19},"end":{"line":55,"column":44}},"11":{"start":{"line":56,"column":6},"end":{"line":56,"column":30}},"12":{"start":{"line":57,"column":6},"end":{"line":57,"column":38}},"13":{"start":{"line":59,"column":6},"end":{"line":62,"column":8}},"14":{"start":{"line":66,"column":27},"end":{"line":82,"column":3}},"15":{"start":{"line":67,"column":4},"end":{"line":67,"column":21}},"16":{"start":{"line":68,"column":4},"end":{"line":81,"column":5}},"17":{"start":{"line":69,"column":19},"end":{"line":69,"column":75}},"18":{"start":{"line":70,"column":6},"end":{"line":70,"column":33}},"19":{"start":{"line":71,"column":6},"end":{"line":71,"column":41}},"20":{"start":{"line":73,"column":6},"end":{"line":78,"column":8}},"21":{"start":{"line":80,"column":6},"end":{"line":80,"column":24}},"22":{"start":{"line":84,"column":2},"end":{"line":90,"column":19}},"23":{"start":{"line":85,"column":24},"end":{"line":88,"column":6}},"24":{"start":{"line":86,"column":6},"end":{"line":86,"column":24}},"25":{"start":{"line":87,"column":6},"end":{"line":87,"column":31}},"26":{"start":{"line":89,"column":4},"end":{"line":89,"column":23}},"27":{"start":{"line":92,"column":23},"end":{"line":102,"column":3}},"28":{"start":{"line":93,"column":4},"end":{"line":93,"column":24}},"29":{"start":{"line":94,"column":4},"end":{"line":101,"column":5}},"30":{"start":{"line":95,"column":6},"end":{"line":95,"column":42}},"31":{"start":{"line":97,"column":24},"end":{"line":97,"column":42}},"32":{"start":{"line":98,"column":6},"end":{"line":100,"column":8}},"33":{"start":{"line":99,"column":34},"end":{"line":99,"column":75}},"34":{"start":{"line":104,"column":23},"end":{"line":123,"column":3}},"35":{"start":{"line":105,"column":4},"end":{"line":122,"column":7}},"36":{"start":{"line":111,"column":10},"end":{"line":119,"column":11}},"37":{"start":{"line":112,"column":12},"end":{"line":112,"column":57}},"38":{"start":{"line":113,"column":28},"end":{"line":113,"column":77}},"39":{"start":{"line":113,"column":54},"end":{"line":113,"column":76}},"40":{"start":{"line":114,"column":12},"end":{"line":114,"column":36}},"41":{"start":{"line":115,"column":12},"end":{"line":115,"column":44}},"42":{"start":{"line":116,"column":12},"end":{"line":116,"column":57}},"43":{"start":{"line":118,"column":12},"end":{"line":118,"column":74}},"44":{"start":{"line":125,"column":2},"end":{"line":132,"column":3}},"45":{"start":{"line":126,"column":4},"end":{"line":131,"column":6}},"46":{"start":{"line":134,"column":2},"end":{"line":300,"column":4}},"47":{"start":{"line":159,"column":25},"end":{"line":159,"column":44}},"48":{"start":{"line":195,"column":43},"end":{"line":195,"column":59}},"49":{"start":{"line":214,"column":34},"end":{"line":214,"column":63}},"50":{"start":{"line":216,"column":12},"end":{"line":268,"column":19}},"51":{"start":{"line":220,"column":18},"end":{"line":220,"column":79}},"52":{"start":{"line":249,"column":22},"end":{"line":251,"column":24}},"53":{"start":{"line":262,"column":35},"end":{"line":262,"column":67}},"54":{"start":{"line":279,"column":12},"end":{"line":279,"column":68}},"55":{"start":{"line":294,"column":25},"end":{"line":294,"column":68}}},"fnMap":{"0":{"name":"AssignmentListScreen","decl":{"start":{"line":40,"column":24},"end":{"line":40,"column":44}},"loc":{"start":{"line":40,"column":47},"end":{"line":301,"column":1}},"line":40},"1":{"name":"(anonymous_1)","decl":{"start":{"line":53,"column":20},"end":{"line":53,"column":21}},"loc":{"start":{"line":53,"column":32},"end":{"line":64,"column":3}},"line":53},"2":{"name":"(anonymous_2)","decl":{"start":{"line":66,"column":27},"end":{"line":66,"column":28}},"loc":{"start":{"line":66,"column":39},"end":{"line":82,"column":3}},"line":66},"3":{"name":"(anonymous_3)","decl":{"start":{"line":84,"column":12},"end":{"line":84,"column":13}},"loc":{"start":{"line":84,"column":18},"end":{"line":90,"column":3}},"line":84},"4":{"name":"(anonymous_4)","decl":{"start":{"line":85,"column":56},"end":{"line":85,"column":57}},"loc":{"start":{"line":85,"column":68},"end":{"line":88,"column":5}},"line":85},"5":{"name":"(anonymous_5)","decl":{"start":{"line":92,"column":23},"end":{"line":92,"column":24}},"loc":{"start":{"line":92,"column":41},"end":{"line":102,"column":3}},"line":92},"6":{"name":"(anonymous_6)","decl":{"start":{"line":99,"column":27},"end":{"line":99,"column":28}},"loc":{"start":{"line":99,"column":34},"end":{"line":99,"column":75}},"line":99},"7":{"name":"(anonymous_7)","decl":{"start":{"line":104,"column":23},"end":{"line":104,"column":24}},"loc":{"start":{"line":104,"column":45},"end":{"line":123,"column":3}},"line":104},"8":{"name":"(anonymous_8)","decl":{"start":{"line":110,"column":17},"end":{"line":110,"column":18}},"loc":{"start":{"line":110,"column":29},"end":{"line":120,"column":9}},"line":110},"9":{"name":"(anonymous_9)","decl":{"start":{"line":113,"column":47},"end":{"line":113,"column":48}},"loc":{"start":{"line":113,"column":54},"end":{"line":113,"column":76}},"line":113},"10":{"name":"(anonymous_10)","decl":{"start":{"line":159,"column":19},"end":{"line":159,"column":20}},"loc":{"start":{"line":159,"column":25},"end":{"line":159,"column":44}},"line":159},"11":{"name":"(anonymous_11)","decl":{"start":{"line":195,"column":37},"end":{"line":195,"column":38}},"loc":{"start":{"line":195,"column":43},"end":{"line":195,"column":59}},"line":195},"12":{"name":"(anonymous_12)","decl":{"start":{"line":214,"column":24},"end":{"line":214,"column":25}},"loc":{"start":{"line":214,"column":34},"end":{"line":214,"column":63}},"line":214},"13":{"name":"(anonymous_13)","decl":{"start":{"line":215,"column":22},"end":{"line":215,"column":23}},"loc":{"start":{"line":216,"column":12},"end":{"line":268,"column":19}},"line":216},"14":{"name":"(anonymous_14)","decl":{"start":{"line":219,"column":25},"end":{"line":219,"column":26}},"loc":{"start":{"line":220,"column":18},"end":{"line":220,"column":79}},"line":220},"15":{"name":"(anonymous_15)","decl":{"start":{"line":248,"column":29},"end":{"line":248,"column":30}},"loc":{"start":{"line":249,"column":22},"end":{"line":251,"column":24}},"line":249},"16":{"name":"(anonymous_16)","decl":{"start":{"line":262,"column":29},"end":{"line":262,"column":30}},"loc":{"start":{"line":262,"column":35},"end":{"line":262,"column":67}},"line":262},"17":{"name":"(anonymous_17)","decl":{"start":{"line":278,"column":19},"end":{"line":278,"column":20}},"loc":{"start":{"line":279,"column":12},"end":{"line":279,"column":68}},"line":279},"18":{"name":"(anonymous_18)","decl":{"start":{"line":294,"column":19},"end":{"line":294,"column":20}},"loc":{"start":{"line":294,"column":25},"end":{"line":294,"column":68}},"line":294}},"branchMap":{"0":{"loc":{"start":{"line":61,"column":8},"end":{"line":61,"column":63}},"type":"binary-expr","locations":[{"start":{"line":61,"column":8},"end":{"line":61,"column":21}},{"start":{"line":61,"column":25},"end":{"line":61,"column":63}}],"line":61},"1":{"loc":{"start":{"line":70,"column":21},"end":{"line":70,"column":31}},"type":"binary-expr","locations":[{"start":{"line":70,"column":21},"end":{"line":70,"column":25}},{"start":{"line":70,"column":29},"end":{"line":70,"column":31}}],"line":70},"2":{"loc":{"start":{"line":71,"column":29},"end":{"line":71,"column":39}},"type":"binary-expr","locations":[{"start":{"line":71,"column":29},"end":{"line":71,"
[...]
nd":{"line":15,"column":3}},"loc":{"start":{"line":15,"column":38},"end":{"line":25,"column":3}},"line":15},"2":{"name":"(anonymous_2)","decl":{"start":{"line":28,"column":2},"end":{"line":28,"column":3}},"loc":{"start":{"line":32,"column":5},"end":{"line":42,"column":3}},"line":32},"3":{"name":"(anonymous_3)","decl":{"start":{"line":45,"column":2},"end":{"line":45,"column":3}},"loc":{"start":{"line":51,"column":4},"end":{"line":61,"column":3}},"line":51},"4":{"name":"(anonymous_4)","decl":{"start":{"line":64,"column":2},"end":{"line":64,"column":3}},"loc":{"start":{"line":64,"column":37},"end":{"line":74,"column":3}},"line":64},"5":{"name":"(anonymous_5)","decl":{"start":{"line":77,"column":2},"end":{"line":77,"column":3}},"loc":{"start":{"line":83,"column":4},"end":{"line":93,"column":3}},"line":83},"6":{"name":"(anonymous_6)","decl":{"start":{"line":95,"column":2},"end":{"line":95,"column":3}},"loc":{"start":{"line":95,"column":31},"end":{"line":109,"column":1}},"line":95}},"branchMap":{"0":{"loc":{"start":{"line":9,"column":51},"end":{"line":9,"column":76}},"type":"binary-expr","locations":[{"start":{"line":9,"column":51},"end":{"line":9,"column":69}},{"start":{"line":9,"column":73},"end":{"line":9,"column":76}}],"line":9},"1":{"loc":{"start":{"line":10,"column":22},"end":{"line":10,"column":85}},"type":"binary-expr","locations":[{"start":{"line":10,"column":22},"end":{"line":10,"column":47}},{"start":{"line":10,"column":51},"end":{"line":10,"column":85}}],"line":10},"2":{"loc":{"start":{"line":22,"column":60},"end":{"line":22,"column":85}},"type":"binary-expr","locations":[{"start":{"line":22,"column":60},"end":{"line":22,"column":78}},{"start":{"line":22,"column":82},"end":{"line":22,"column":85}}],"line":22},"3":{"loc":{"start":{"line":23,"column":22},"end":{"line":23,"column":84}},"type":"binary-expr","locations":[{"start":{"line":23,"column":22},"end":{"line":23,"column":47}},{"start":{"line":23,"column":51},"end":{"line":23,"column":84}}],"line":23},"4":{"loc":{"start":{"line":39,"column":60},"end":{"line":39,"column":85}},"type":"binary-expr","locations":[{"start":{"line":39,"column":60},"end":{"line":39,"column":78}},{"start":{"line":39,"column":82},"end":{"line":39,"column":85}}],"line":39},"5":{"loc":{"start":{"line":40,"column":22},"end":{"line":40,"column":71}},"type":"binary-expr","locations":[{"start":{"line":40,"column":22},"end":{"line":40,"column":47}},{"start":{"line":40,"column":51},"end":{"line":40,"column":71}}],"line":40},"6":{"loc":{"start":{"line":58,"column":60},"end":{"line":58,"column":85}},"type":"binary-expr","locations":[{"start":{"line":58,"column":60},"end":{"line":58,"column":78}},{"start":{"line":58,"column":82},"end":{"line":58,"column":85}}],"line":58},"7":{"loc":{"start":{"line":59,"column":22},"end":{"line":59,"column":80}},"type":"binary-expr","locations":[{"start":{"line":59,"column":22},"end":{"line":59,"column":47}},{"start":{"line":59,"column":51},"end":{"line":59,"column":80}}],"line":59},"8":{"loc":{"start":{"line":71,"column":60},"end":{"line":71,"column":85}},"type":"binary-expr","locations":[{"start":{"line":71,"column":60},"end":{"line":71,"column":78}},{"start":{"line":71,"column":82},"end":{"line":71,"column":85}}],"line":71},"9":{"loc":{"start":{"line":72,"column":22},"end":{"line":72,"column":75}},"type":"binary-expr","locations":[{"start":{"line":72,"column":22},"end":{"line":72,"column":47}},{"start":{"line":72,"column":51},"end":{"line":72,"column":75}}],"line":72},"10":{"loc":{"start":{"line":90,"column":59},"end":{"line":90,"column":84}},"type":"binary-expr","locations":[{"start":{"line":90,"column":59},"end":{"line":90,"column":77}},{"start":{"line":90,"column":81},"end":{"line":90,"column":84}}],"line":90},"11":{"loc":{"start":{"line":91,"column":22},"end":{"line":91,"column":81}},"type":"binary-expr","locations":[{"start":{"line":91,"column":22},"end":{"line":91,"column":47}},{"start":{"line":91,"column":51},"end":{"line":91,"column":81}}],"line":91},"12":{"loc":{"start":{"line":100,"column":4},"end":{"line":103,"column":5}},"type":"if","locations":[{"start":{"line":100,"column":4},"end":{"line":103,"column":5}},{"start":{},"end":{}}],"line":100},"13":{"loc":{"start":{"line":106,"column":57},"end":{"line":106,"column":82}},"type":"binary-expr","locations":[{"start":{"line":106,"column":57},"end":{"line":106,"column":75}},{"start":{"line":106,"column":79},"end":{"line":106,"column":82}}],"line":106},"14":{"loc":{"start":{"line":107,"column":20},"end":{"line":107,"column":97}},"type":"binary-expr","locations":[{"start":{"line":107,"column":20},"end":{"line":107,"column":45}},{"start":{"line":107,"column":49},"end":{"line":107,"column":97}}],"line":107}},"s":{"0":0,"1":0,"2":0,"3":0,"4":0,"5":0,"6":0,"7":0,"8":0,"9":0,"10":0,"11":0,"12":0,"13":0,"14":0,"15":0,"16":0,"17":0,"18":0,"19":0,"20":0,"21":0,"22":0,"23":0,"24":0,"25":0,"26":0,"27":0,"28":0,"29":0,"30":0,"31":0,"32":0,"33":0,"34":0,"35":0,"36":0,"37":0,"38":0,"39":0,"40":0,"41":0,"42":0,"43":0,"44":0,"45":0,"46":0,"47":0,"48":0},"f":{"0":0,"1":0,"2":0,"3":0,"4":0,"5":0,"6":0},"b":{"0":[0,0],"1":[0,0],"2":[0,0],"3":[0,0],"4":[0,0],"5":[0,0],"6":[0,0],"7":[0,0],"8":[0,0],"9":[0,0],"10":[0,0],"11":[0,0],"12":[0,0],"13":[0,0],"14":[0,0]}}
,"E:\\Code\\E_LEARNING\\frontend\\services\\user.service.ts": {"path":"E:\\Code\\E_LEARNING\\frontend\\services\\user.service.ts","statementMap":{"0":{"start":{"line":11,"column":27},"end":{"line":88,"column":1}},"1":{"start":{"line":14,"column":4},"end":{"line":20,"column":5}},"2":{"start":{"line":15,"column":23},"end":{"line":15,"column":45}},"3":{"start":{"line":16,"column":6},"end":{"line":16,"column":27}},"4":{"start":{"line":18,"column":6},"end":{"line":18,"column":74}},"5":{"start":{"line":19,"column":6},"end":{"line":19,"column":90}},"6":{"start":{"line":25,"column":4},"end":{"line":31,"column":5}},"7":{"start":{"line":26,"column":23},"end":{"line":26,"column":47}},"8":{"start":{"line":27,"column":6},"end":{"line":27,"column":27}},"9":{"start":{"line":29,"column":6},"end":{"line":29,"column":75}},"10":{"start":{"line":30,"column":6},"end":{"line":30,"column":90}},"11":{"start":{"line":36,"column":4},"end":{"line":42,"column":5}},"12":{"start":{"line":37,"column":23},"end":{"line":37,"column":48}},"13":{"start":{"line":38,"column":6},"end":{"line":38,"column":27}},"14":{"start":{"line":40,"column":6},"end":{"line":40,"column":74}},"15":{"start":{"line":41,"column":6},"end":{"line":41,"column":80}},"16":{"start":{"line":47,"column":4},"end":{"line":53,"column":5}},"17":{"start":{"line":48,"column":23},"end":{"line":48,"column":52}},"18":{"start":{"line":49,"column":6},"end":{"line":49,"column":27}},"19":{"start":{"line":51,"column":6},"end":{"line":51,"column":74}},"20":{"start":{"line":52,"column":6},"end":{"line":52,"column":85}},"21":{"start":{"line":58,"column":4},"end":{"line":64,"column":5}},"22":{"start":{"line":59,"column":23},"end":{"line":59,"column":46}},"23":{"start":{"line":60,"column":6},"end":{"line":60,"column":27}},"24":{"start":{"line":62,"column":6},"end":{"line":62,"column":74}},"25":{"start":{"line":63,"column":6},"end":{"line":63,"column":80}},"26":{"start":{"line":69,"column":4},"end":{"line":75,"column":5}},"27":{"start":{"line":70,"column":23},"end":{"line":70,"column":48}},"28":{"start":{"line":71,"column":6},"end":{"line":71,"column":50}},"29":{"start":{"line":73,"column":6},"end":{"line":73,"column":82}},"30":{"start":{"line":74,"column":6},"end":{"line":74,"column":90}},"31":{"start":{"line":80,"column":4},"end":{"line":86,"column":5}},"32":{"start":{"line":81,"column":23},"end":{"line":81,"column":55}},"33":{"start":{"line":82,"column":6},"end":{"line":82,"column":27}},"34":{"start":{"line":84,"column":6},"end":{"line":84,"column":83}},"35":{"start":{"line":85,"column":6},"end":{"line":85,"column":85}}},"fnMap":{"0":{"name":"(anonymous_0)","decl":{"start":{"line":13,"column":10},"end":{"line":13,"column":11}},"loc":{"start":{"line":13,"column":22},"end":{"line":21,"column":3}},"line":13},"1":{"name":"(anonymous_1)","decl":{"start":{"line":24,"column":11},"end":{"line":24,"column":12}},"loc":{"start":{"line":24,"column":33},"end":{"line":32,"column":3}},"line":24},"2":{"name":"(anonymous_2)","decl":{"start":{"line":35,"column":10},"end":{"line":35,"column":11}},"loc":{"start":{"line":35,"column":31},"end":{"line":43,"column":3}},"line":35},"3":{"name":"(anonymous_3)","decl":{"start":{"line":46,"column":10},"end":{"line":46,"column":11}},"loc":{"start":{"line":46,"column":43},"end":{"line":54,"column":3}},"line":46},"4":{"name":"(anonymous_4)","decl":{"start":{"line":57,"column":10},"end":{"line":57,"column":11}},"loc":{"start":{"line":57,"column":32},"end":{"line":65,"column":3}},"line":57},"5":{"name":"(anonymous_5)","decl":{"start":{"line":68,"column":18},"end":{"line":68,"column":19}},"loc":{"start":{"line":68,"column":30},"end":{"line":76,"column":3}},"line":68},"6":{"name":"(anonymous_6)","decl":{"start":{"line":79,"column":19},"end":{"line":79,"column":20}},"loc":{"start":{"line":79,"column":45},"end":{"line":87,"column":3}},"line":79}},"branchMap":{"0":{"loc":{"start":{"line":18,"column":35},"end":{"line":18,"column":72}},"type":"binary-expr","locations":[{"start":{"line":18,"column":35},"end":{"line":18,"column":55}},{"start":{"line":18,"column":59},"end":{"line":18,"column":72}}],"line":18},"1":{"loc":{"start":{"line":19,"column":22},"end":{"line":19,"column":88}},"type":"binary-expr","locations":[{"start":{"line":19,"column":22},"end":{"line":19,"column":49}},{"start":{"line":19,"column":53},"end":{"line":19,"column":88}}],"line":19},"2":{"loc":{"start":{"line":29,"column":36},"end":{"line":29,"column":73}},"type":"binary-expr","locations":[{"start":{"line":29,"column":36},"end":{"line":29,"column":56}},{"start":{"line":29,"column":60},"end":{"line":29,"column":73}}],"line":29},"3":{"loc":{"start":{"line":30,"column":22},"end":{"line":30,"column":88}},"type":"binary-expr","locations":[{"start":{"line":30,"column":22},"end":{"line":30,"column":49}},{"start":{"line":30,"column":53},"end":{"line":30,"column":88}}],"line":30},"4":{"loc":{"start":{"line":40,"column":35},"end":{"line":40,"column":72}},"type":"binary-expr","locations":[{"start":{"line":40,"column":35},"end":{"line":40,"column":55}},{"start":{"line":40,"column":59},"end":{"line":40,"column":72}}],"line":40},"5":{"loc":{"start":{"line":41,"column":22},"end":{"line":41,"column":78}},"type":"binary-expr","locations":[{"start":{"line":41,"column":22},"end":{"line":41,"column":49}},{"start":{"line":41,"column":53},"end":{"line":41,"column":78}}],"line":41},"6":{"loc":{"start":{"line":51,"column":35},"end":{"line":51,"column":72}},"type":"binary-expr","locations":[{"start":{"line":51,"column":35},"end":{"line":51,"column":55}},{"start":{"line":51,"column":59},"end":{"line":51,"column":72}}],"line":51},"7":{"loc":{"start":{"line":52,"column":22},"end":{"line":52,"column":83}},"type":"binary-expr","locations":[{"start":{"line":52,"column":22},"end":{"line":52,"column":49}},{"start":{"line":52,"column":53},"end":{"line":52,"column":83}}],"line":52},"8":{"loc":{"start":{"line":62,"column":35},"end":{"line":62,"column":72}},"type":"binary-expr","locations":[{"start":{"line":62,"column":35},"end":{"line":62,"column":55}},{"start":{"line":62,"column":59},"end":{"line":62,"column":72}}],"line":62},"9":{"loc":{"start":{"line":63,"column":22},"end":{"line":63,"column":78}},"type":"binary-expr","locations":[{"start":{"line":63,"column":22},"end":{"line":63,"column":49}},{"start":{"line":63,"column":53},"end":{"line":63,"column":78}}],"line":63},"10":{"loc":{"start":{"line":71,"column":13},"end":{"line":71,"column":49}},"type":"binary-expr","locations":[{"start":{"line":71,"column":13},"end":{"line":71,"column":32}},{"start":{"line":71,"column":36},"end":{"line":71,"column":49}}],"line":71},"11":{"loc":{"start":{"line":73,"column":43},"end":{"line":73,"column":80}},"type":"binary-expr","locations":[{"start":{"line":73,"column":43},"end":{"line":73,"column":63}},{"start":{"line":73,"column":67},"end":{"line":73,"column":80}}],"line":73},"12":{"loc":{"start":{"line":74,"column":22},"end":{"line":74,"column":88}},"type":"binary-expr","locations":[{"start":{"line":74,"column":22},"end":{"line":74,"column":49}},{"start":{"line":74,"column":53},"end":{"line":74,"column":88}}],"line":74},"13":{"loc":{"start":{"line":84,"column":44},"end":{"line":84,"column":81}},"type":"binary-expr","locations":[{"start":{"line":84,"column":44},"end":{"line":84,"column":64}},{"start":{"line":84,"column":68},"end":{"line":84,"column":81}}],"line":84},"14":{"loc":{"start":{"line":85,"column":22},"end":{"line":85,"column":83}},"type":"binary-expr","locations":[{"start":{"line":85,"column":22},"end":{"line":85,"column":49}},{"start":{"line":85,"column":53},"end":{"line":85,"column":83}}],"line":85}},"s":{"0":1,"1":2,"2":2,"3":1,"4":1,"5":1,"6":2,"7":2,"8":1,"9":1,"10":1,"11":2,"12":2,"13":1,"14":1,"15":1,"16":2,"17":2,"18":1,"19":1,"20":1,"21":2,"22":2,"23":1,"24":1,"25":1,"26":2,"27":2,"28":1,"29":1,"30":1,"31":0,"32":0,"33":0,"34":0,"35":0},"f":{"0":2,"1":2,"2":2,"3":2,"4":2,"5":2,"6":0},"b":{"0":[1,1],"1":[1,1],"2":[1,1],"3":[1,1],"4":[1,1],"5":[1,1],"6":[1,1],"7":[1,1],"8":[1,1],"9":[1,1],"10":[1,0],"11":[1,1],"12":[1,1],"13":[0,0],"14":[0,0]},"_coverageSchema":"1a1c01bbd47fc00a2c39e90264f33305004495a9","hash":"78d08555339fb1587317c2279acc1cbec12229b2"}
,"E:\\Code\\E_LEARNING\\frontend\\src\\config.js": {"path":"E:\\Code\\E_LEARNING\\frontend\\src\\config.js","statementMap":{"0":{"start":{"line":5,"column":14},"end":{"line":5,"column":24}},"1":{"start":{"line":6,"column":13},"end":{"line":6,"column":17}},"2":{"start":{"line":9,"column":17},"end":{"line":9,"column":59}},"3":{"start":{"line":11,"column":0},"end":{"line":29,"column":1}},"4":{"start":{"line":13,"column":2},"end":{"line":22,"column":5}},"5":{"start":{"line":14,"column":4},"end":{"line":18,"column":5}},"6":{"start":{"line":15,"column":6},"end":{"line":15,"column":31}},"7":{"start":{"line":17,"column":6},"end":{"line":17,"column":26}},"8":{"start":{"line":20,"column":4},"end":{"line":20,"column":46}},"9":{"start":{"line":21,"column":4},"end":{"line":21,"column":29}},"10":{"start":{"line":23,"column":7},"end":{"line":29,"column":1}},"11":{"start":{"line":25,"column":2},"end":{"line":25,"column":55}},"12":{"start":{"line":28,"column":2},"end":{"line":28,"column":65}},"13":{"start":{"line":31,"column":28},"end":{"line":31,"column":55}},"14":{"start":{"line":32,"column":25},"end":{"line":32,"column":75}},"15":{"start":{"line":32,"column":43},"end":{"line":32,"column":75}}},"fnMap":{"0":{"name":"(anonymous_0)","decl":{"start":{"line":13,"column":41},"end":{"line":13,"column":42}},"loc":{"start":{"line":13,"column":56},"end":{"line":19,"column":3}},"line":13},"1":{"name":"(anonymous_1)","decl":{"start":{"line":19,"column":11},"end":{"line":19,"column":12}},"loc":{"start":{"line":19,"column":22},"end":{"line":22,"column":3}},"line":19},"2":{"name":"(anonymous_2)","decl":{"start":{"line":32,"column":25},"end":{"line":32,"column":26}},"loc":{"start":{"line":32,"column":43},"end":{"line":32,"column":75}},"line":32}},"branchMap":{"0":{"loc":{"start":{"line":9,"column":17},"end":{"line":9,"column":59}},"type":"binary-expr","locations":[{"start":{"line":9,"column":17},"end":{"line":9,"column":25}},{"start":{"line":9,"column":29},"end":{"line":9,"column":59}}],"line":9},"1":{"loc":{"start":{"line":11,"column":0},"end":{"line":29,"column":1}},"type":"if","locations":[{"start":{"line":11,"column":0},"end":{"line":29,"column":1}},{"start":{"line":23,"column":7},"end":{"line":29,"column":1}}],"line":11},"2":{"loc":{"start":{"line":14,"column":4},"end":{"line":18,"column":5}},"type":"if","locations":[{"start":{"line":14,"column":4},"end":{"line":18,"column":5}},{"start":{"line":16,"column":11},"end":{"line":18,"column":5}}],"line":14},"3":{"loc":{"start":{"line":14,"column":8},"end":{"line":14,"column":63}},"type":"binary-expr","locations":[{"start":{"line":14,"column":8},"end":{"line":14,"column":35}},{"start":{"line":14,"column":39},"end":{"line":14,"column":63}}],"line":14},"4":{"loc":{"start":{"line":23,"column":7},"end":{"line":29,"column":1}},"type":"if","locations":[{"start":{"line":23,"column":7},"end":{"line":29,"column":1}},{"start":{"line":26,"column":7},"end":{"line":29,"column":1}}],"line":23},"5":{"loc":{"start":{"line":28,"column":12},"end":{"line":28,"column":64}},"type":"cond-expr","locations":[{"start":{"line":28,"column":40},"end":{"line":28,"column":50}},{"start":{"line":28,"column":53},"end":{"line":28,"column":64}}],"line":28}},"s":{"0":0,"1":0,"2":0,"3":0,"4":0,"5":0,"6":0,"7":0,"8":0,"9":0,"10":0,"11":0,"12":0,"13":0,"14":0,"15":0},"f":{"0":0,"1":0,"2":0},"b":{"0":[0,0],"1":[0,0],"2":[0,0],"3":[0,0],"4":[0,0],"5":[0,0]}}
,"E:\\Code\\E_LEARNING\\frontend\\src\\contexts\\AuthContext.ts": {"path":"E:\\Code\\E_LEARNING\\frontend\\src\\contexts\\AuthContext.ts","statementMap":{"0":{"start":{"line":8,"column":27},"end":{"line":11,"column":2}}},"fnMap":{"0":{"name":"(anonymous_0)","decl":{"start":{"line":10,"column":15},"end":{"line":10,"column":16}},"loc":{"start":{"line":10,"column":21},"end":{"line":10,"column":23}},"line":10}},"branchMap":{},"s":{"0":0},"f":{"0":0},"b":{}}
,"E:\\Code\\E_LEARNING\\frontend\\src\\utils\\getBaseURL.ts": {"path":"E:\\Code\\E_LEARNING\\frontend\\src\\utils\\getBaseURL.ts","statementMap":{"0":{"start":{"line":4,"column":26},"end":{"line":23,"column":1}},"1":{"start":{"line":5,"column":19},"end":{"line":5,"column":52}},"2":{"start":{"line":6,"column":16},"end":{"line":6,"column":23}},"3":{"start":{"line":8,"column":2},"end":{"line":13,"column":3}},"4":{"start":{"line":10,"column":15},"end":{"line":10,"column":59}},"5":{"start":{"line":11,"column":4},"end":{"line":11,"column":52}},"6":{"start":{"line":12,"column":4},"end":{"line":12,"column":31}},"7":{"start":{"line":15,"column":2},"end":{"line":18,"column":3}},"8":{"start":{"line":16,"column":4},"end":{"line":16,"column":56}},"9":{"start":{"line":17,"column":4},"end":{"line":17,"column":34}},"10":{"start":{"line":21,"column":2},"end":{"line":21,"column":53}},"11":{"start":{"line":22,"column":2},"end":{"line":22,"column":36}}},"fnMap":{"0":{"name":"(anonymous_0)","decl":{"start":{"line":4,"column":26},"end":{"line":4,"column":27}},"loc":{"start":{"line":4,"column":40},"end":{"line":23,"column":1}},"line":4}},"branchMap":{"0":{"loc":{"start":{"line":8,"column":2},"end":{"line":13,"column":3}},"type":"if","locations":[{"start":{"line":8,"column":2},"end":{"line":13,"column":3}},{"start":{},"end":{}}],"line":8},"1":{"loc":{"start":{"line":8,"column":6},"end":{"line":8,"column":52}},"type":"binary-expr","locations":[{"start":{"line":8,"column":6},"end":{"line":8,"column":14}},{"start":{"line":8,"column":18},"end":{"line":8,"column":23}},{"start":{"line":8,"column":27},"end":{"line":8,"column":52}}],"line":8},"2":{"loc":{"start":{"line":15,"column":2},"end":{"line":18,"column":3}},"type":"if","locations":[{"start":{"line":15,"column":2},"end":{"line":18,"column":3}},{"start":{},"end":{}}],"line":15},"3":{"loc":{"start":{"line":15,"column":6},"end":{"line":15,"column":40}},"type":"binary-expr","locations":[{"start":{"line":15,"column":6},"end":{"line":15,"column":11}},{"start":{"line":15,"column":15},"end":{"line":15,"column":40}}],"line":15}},"s":{"0":0,"1":0,"2":0,"3":0,"4":0,"5":0,"6":0,"7":0,"8":0,"9":0,"10":0,"11":0},"f":{"0":0},"b":{"0":[0,0],"1":[0,0,0],"2":[0,0],"3":[0,0]}}
,"E:\\Code\\E_LEARNING\\frontend\\utils\\format.ts": {"path":"E:\\Code\\E_LEARNING\\frontend\\utils\\format.ts","statementMap":{"0":{"start":{"line":1,"column":27},"end":{"line":3,"column":1}},"1":{"start":{"line":2,"column":2},"end":{"line":2,"column":54}}},"fnMap":{"0":{"name":"(anonymous_0)","decl":{"start":{"line":1,"column":27},"end":{"line":1,"column":28}},"loc":{"start":{"line":1,"column":46},"end":{"line":3,"column":1}},"line":1}},"branchMap":{},"s":{"0":0,"1":0},"f":{"0":0},"b":{}}
}
